0 verbose cli /usr/bin/node /usr/bin/npm
1 info using npm@8.19.2
2 info using node@v16.18.1
3 timing npm:load:whichnode Completed in 0ms
4 timing config:load:defaults Completed in 2ms
5 timing config:load:file:/usr/lib/node_modules/npm/npmrc Completed in 2ms
6 timing config:load:builtin Completed in 2ms
7 timing config:load:cli Completed in 2ms
8 timing config:load:env Completed in 1ms
9 timing config:load:file:/root/word-power-2/.npmrc Completed in 0ms
10 timing config:load:project Completed in 1ms
11 timing config:load:file:/root/.npmrc Completed in 0ms
12 timing config:load:user Completed in 0ms
13 timing config:load:file:/usr/local/etc/npmrc Completed in 0ms
14 timing config:load:global Completed in 0ms
15 timing config:load:validate Completed in 1ms
16 timing config:load:credentials Completed in 1ms
17 timing config:load:setEnvs Completed in 2ms
18 timing config:load Completed in 13ms
19 timing npm:load:configload Completed in 13ms
20 timing npm:load:mkdirpcache Completed in 1ms
21 timing npm:load:mkdirplogs Completed in 0ms
22 verbose title npm install @testing-library/jest-dom@^5.14.1 @testing-library/react@^13.0.0 @testing-library/user-event@^13.2.1 web-vitals@^2.1.0
23 verbose argv "install" "--no-audit" "--save" "@testing-library/jest-dom@^5.14.1" "@testing-library/react@^13.0.0" "@testing-library/user-event@^13.2.1" "web-vitals@^2.1.0"
24 timing npm:load:setTitle Completed in 1ms
25 timing config:load:flatten Completed in 3ms
26 timing npm:load:display Completed in 5ms
27 verbose logfile logs-max:10 dir:/root/.npm/_logs
28 verbose logfile /root/.npm/_logs/2023-02-28T14_16_37_233Z-debug-0.log
29 timing npm:load:logFile Completed in 29ms
30 timing npm:load:timers Completed in 0ms
31 timing npm:load:configScope Completed in 0ms
32 timing npm:load Completed in 50ms
33 timing arborist:ctor Completed in 1ms
34 silly logfile start cleaning logs, removing 1 files
35 silly logfile done cleaning log files
36 timing idealTree:init Completed in 1221ms
37 timing idealTree:userRequests Completed in 3ms
38 silly idealTree buildDeps
39 silly fetch manifest @testing-library/jest-dom@^5.14.1
40 timing arborist:ctor Completed in 0ms
41 http fetch GET 200 https://registry.npmjs.org/@testing-library%2fjest-dom 1097ms (cache miss)
42 silly fetch manifest @testing-library/react@^13.0.0
43 http fetch GET 200 https://registry.npmjs.org/@testing-library%2freact 73ms (cache miss)
44 silly fetch manifest react@^18.2.0
45 http fetch GET 200 https://registry.npmjs.org/react 17ms (cache hit)
46 silly fetch manifest react-dom@^18.2.0
47 http fetch GET 200 https://registry.npmjs.org/react-dom 10ms (cache hit)
48 silly fetch manifest @testing-library/user-event@^13.2.1
49 http fetch GET 200 https://registry.npmjs.org/@testing-library%2fuser-event 75ms (cache miss)
50 silly fetch manifest @testing-library/dom@>=7.21.4
51 http fetch GET 200 https://registry.npmjs.org/@testing-library%2fdom 55ms (cache miss)
52 silly fetch manifest web-vitals@^2.1.0
53 http fetch GET 200 https://registry.npmjs.org/web-vitals 25ms (cache miss)
54 silly placeDep ROOT @testing-library/jest-dom@5.16.5 OK for: word-power-2@0.1.0 want: ^5.14.1
55 silly placeDep ROOT @testing-library/react@13.4.0 OK for: word-power-2@0.1.0 want: ^13.0.0
56 silly placeDep ROOT @testing-library/user-event@13.5.0 OK for: word-power-2@0.1.0 want: ^13.2.1
57 silly placeDep ROOT @testing-library/dom@9.0.0 OK for: @testing-library/user-event@13.5.0 want: >=7.21.4
58 silly placeDep ROOT web-vitals@2.1.4 OK for: word-power-2@0.1.0 want: ^2.1.0
59 silly fetch manifest @types/testing-library__jest-dom@^5.9.1
60 silly fetch manifest chalk@^3.0.0
61 silly fetch manifest @adobe/css-tools@^4.0.1
62 silly fetch manifest css.escape@^1.5.1
63 silly fetch manifest dom-accessibility-api@^0.5.6
64 silly fetch manifest redent@^3.0.0
65 silly fetch manifest @testing-library/dom@^8.5.0
66 silly fetch manifest @types/react-dom@^18.0.0
67 silly fetch manifest @types/aria-query@^5.0.1
68 silly fetch manifest chalk@^4.1.0
69 silly fetch manifest dom-accessibility-api@^0.5.9
70 silly fetch manifest lz-string@^1.4.4
71 http fetch GET 200 https://registry.npmjs.org/chalk 53ms (cache hit)
72 http fetch GET 200 https://registry.npmjs.org/chalk 48ms (cache hit)
73 http fetch GET 200 https://registry.npmjs.org/@types%2ftesting-library__jest-dom 56ms (cache miss)
74 http fetch GET 200 https://registry.npmjs.org/redent 97ms (cache miss)
75 http fetch GET 200 https://registry.npmjs.org/css.escape 99ms (cache miss)
76 http fetch GET 200 https://registry.npmjs.org/lz-string 97ms (cache miss)
77 http fetch GET 200 https://registry.npmjs.org/@types%2faria-query 105ms (cache miss)
78 http fetch GET 200 https://registry.npmjs.org/@adobe%2fcss-tools 115ms (cache miss)
79 http fetch GET 200 https://registry.npmjs.org/dom-accessibility-api 120ms (cache miss)
80 http fetch GET 200 https://registry.npmjs.org/dom-accessibility-api 124ms (cache miss)
81 http fetch GET 200 https://registry.npmjs.org/@types%2freact-dom 125ms (cache miss)
82 timing idealTree:#root Completed in 1547ms
83 silly placeDep ROOT @types/aria-query@5.0.1 OK for: @testing-library/dom@9.0.0 want: ^5.0.1
84 silly placeDep node_modules/@testing-library/dom chalk@4.1.2 OK for: @testing-library/dom@9.0.0 want: ^4.1.0
85 silly placeDep ROOT dom-accessibility-api@0.5.16 OK for: @testing-library/dom@9.0.0 want: ^0.5.9
86 silly placeDep ROOT lz-string@1.4.4 OK for: @testing-library/dom@9.0.0 want: ^1.4.4
87 silly fetch manifest ansi-styles@^4.1.0
88 silly fetch manifest supports-color@^7.1.0
89 http fetch GET 200 https://registry.npmjs.org/supports-color 28ms (cache hit)
90 http fetch GET 200 https://registry.npmjs.org/ansi-styles 31ms (cache hit)
91 timing idealTree:node_modules/@testing-library/dom Completed in 43ms
92 silly placeDep ROOT @adobe/css-tools@4.2.0 OK for: @testing-library/jest-dom@5.16.5 want: ^4.0.1
93 silly placeDep ROOT @types/testing-library__jest-dom@5.14.5 OK for: @testing-library/jest-dom@5.16.5 want: ^5.9.1
94 silly placeDep node_modules/@testing-library/jest-dom chalk@3.0.0 OK for: @testing-library/jest-dom@5.16.5 want: ^3.0.0
95 silly placeDep ROOT css.escape@1.5.1 OK for: @testing-library/jest-dom@5.16.5 want: ^1.5.1
96 silly placeDep ROOT redent@3.0.0 OK for: @testing-library/jest-dom@5.16.5 want: ^3.0.0
97 silly fetch manifest @types/jest@*
98 silly fetch manifest indent-string@^4.0.0
99 silly fetch manifest strip-indent@^3.0.0
100 http fetch GET 200 https://registry.npmjs.org/strip-indent 24ms (cache miss)
101 http fetch GET 200 https://registry.npmjs.org/indent-string 30ms (cache revalidated)
102 http fetch GET 200 https://registry.npmjs.org/@types%2fjest 67ms (cache miss)
103 timing idealTree:node_modules/@testing-library/jest-dom Completed in 76ms
104 timing idealTree:node_modules/@adobe/css-tools Completed in 0ms
105 silly placeDep node_modules/@testing-library/react @testing-library/dom@8.20.0 OK for: @testing-library/react@13.4.0 want: ^8.5.0
106 silly placeDep ROOT @types/react-dom@18.0.11 OK for: @testing-library/react@13.4.0 want: ^18.0.0
107 silly fetch manifest @types/react@*
108 http fetch GET 200 https://registry.npmjs.org/@types%2freact 6ms (cache hit)
109 timing idealTree:node_modules/@testing-library/react Completed in 14ms
110 timing idealTree:node_modules/@testing-library/user-event Completed in 0ms
111 timing idealTree:node_modules/@types/aria-query Completed in 0ms
112 silly placeDep ROOT @types/react@18.0.28 OK for: @types/react-dom@18.0.11 want: *
113 silly fetch manifest @types/prop-types@*
114 silly fetch manifest @types/scheduler@*
115 silly fetch manifest csstype@^3.0.2
116 http fetch GET 200 https://registry.npmjs.org/@types%2fscheduler 46ms (cache hit)
117 http fetch GET 200 https://registry.npmjs.org/@types%2fprop-types 51ms (cache hit)
118 http fetch GET 200 https://registry.npmjs.org/csstype 63ms (cache hit)
119 timing idealTree:node_modules/@types/react-dom Completed in 69ms
120 silly placeDep ROOT @types/prop-types@15.7.5 OK for: @types/react@18.0.28 want: *
121 silly placeDep ROOT @types/scheduler@0.16.2 OK for: @types/react@18.0.28 want: *
122 silly placeDep ROOT csstype@3.1.1 OK for: @types/react@18.0.28 want: ^3.0.2
123 timing idealTree:node_modules/@types/react Completed in 5ms
124 timing idealTree:node_modules/@types/prop-types Completed in 0ms
125 timing idealTree:node_modules/@types/scheduler Completed in 0ms
126 silly placeDep ROOT @types/jest@29.4.0 OK for: @types/testing-library__jest-dom@5.14.5 want: *
127 silly fetch manifest expect@^29.0.0
128 silly fetch manifest pretty-format@^29.0.0
129 http fetch GET 200 https://registry.npmjs.org/expect 23ms (cache hit)
130 http fetch GET 200 https://registry.npmjs.org/pretty-format 25ms (cache hit)
131 timing idealTree:node_modules/@types/testing-library__jest-dom Completed in 30ms
132 silly placeDep node_modules/@types/jest expect@29.4.3 OK for: @types/jest@29.4.0 want: ^29.0.0
133 silly placeDep node_modules/@types/jest pretty-format@29.4.3 OK for: @types/jest@29.4.0 want: ^29.0.0
134 silly fetch manifest @jest/expect-utils@^29.4.3
135 silly fetch manifest jest-get-type@^29.4.3
136 silly fetch manifest jest-matcher-utils@^29.4.3
137 silly fetch manifest jest-message-util@^29.4.3
138 silly fetch manifest jest-util@^29.4.3
139 silly fetch manifest @jest/schemas@^29.4.3
140 silly fetch manifest ansi-styles@^5.0.0
141 silly fetch manifest react-is@^18.0.0
142 http fetch GET 200 https://registry.npmjs.org/jest-matcher-utils 31ms (cache hit)
143 http fetch GET 200 https://registry.npmjs.org/jest-get-type 33ms (cache hit)
144 http fetch GET 200 https://registry.npmjs.org/jest-message-util 34ms (cache hit)
145 http fetch GET 200 https://registry.npmjs.org/jest-util 38ms (cache hit)
146 http fetch GET 200 https://registry.npmjs.org/@jest%2fschemas 41ms (cache hit)
147 http fetch GET 200 https://registry.npmjs.org/react-is 42ms (cache hit)
148 http fetch GET 200 https://registry.npmjs.org/@jest%2fexpect-utils 62ms (cache miss)
149 timing idealTree:node_modules/@types/jest Completed in 66ms
150 timing idealTree:node_modules/css.escape Completed in 0ms
151 timing idealTree:node_modules/csstype Completed in 0ms
152 timing idealTree:node_modules/dom-accessibility-api Completed in 0ms
153 timing idealTree:node_modules/lz-string Completed in 0ms
154 silly placeDep ROOT indent-string@4.0.0 OK for: redent@3.0.0 want: ^4.0.0
155 silly placeDep ROOT strip-indent@3.0.0 OK for: redent@3.0.0 want: ^3.0.0
156 silly fetch manifest min-indent@^1.0.0
157 http fetch GET 200 https://registry.npmjs.org/min-indent 25ms (cache miss)
158 timing idealTree:node_modules/redent Completed in 28ms
159 timing idealTree:node_modules/indent-string Completed in 0ms
160 silly placeDep ROOT min-indent@1.0.1 OK for: strip-indent@3.0.0 want: ^1.0.0
161 timing idealTree:node_modules/strip-indent Completed in 2ms
162 timing idealTree:node_modules/min-indent Completed in 0ms
163 timing idealTree:node_modules/web-vitals Completed in 0ms
164 silly placeDep node_modules/@testing-library/dom ansi-styles@4.3.0 OK for: chalk@4.1.2 want: ^4.1.0
165 silly placeDep node_modules/@testing-library/dom supports-color@7.2.0 OK for: chalk@4.1.2 want: ^7.1.0
166 silly fetch manifest color-convert@^2.0.1
167 silly fetch manifest has-flag@^4.0.0
168 http fetch GET 200 https://registry.npmjs.org/color-convert 5ms (cache hit)
169 http fetch GET 200 https://registry.npmjs.org/has-flag 25ms (cache hit)
170 timing idealTree:node_modules/@testing-library/dom/node_modules/chalk Completed in 30ms
171 silly placeDep node_modules/@testing-library/dom color-convert@2.0.1 OK for: ansi-styles@4.3.0 want: ^2.0.1
172 silly fetch manifest color-name@~1.1.4
173 http fetch GET 200 https://registry.npmjs.org/color-name 6ms (cache hit)
174 timing idealTree:node_modules/@testing-library/dom/node_modules/ansi-styles Completed in 10ms
175 silly placeDep node_modules/@testing-library/dom color-name@1.1.4 OK for: color-convert@2.0.1 want: ~1.1.4
176 timing idealTree:node_modules/@testing-library/dom/node_modules/color-convert Completed in 2ms
177 timing idealTree:node_modules/@testing-library/dom/node_modules/color-name Completed in 0ms
178 silly placeDep node_modules/@testing-library/dom has-flag@4.0.0 OK for: supports-color@7.2.0 want: ^4.0.0
179 timing idealTree:node_modules/@testing-library/dom/node_modules/supports-color Completed in 2ms
180 timing idealTree:node_modules/@testing-library/dom/node_modules/has-flag Completed in 0ms
181 silly placeDep node_modules/@testing-library/jest-dom ansi-styles@4.3.0 OK for: chalk@3.0.0 want: ^4.1.0
182 silly placeDep node_modules/@testing-library/jest-dom supports-color@7.2.0 OK for: chalk@3.0.0 want: ^7.1.0
183 timing idealTree:node_modules/@testing-library/jest-dom/node_modules/chalk Completed in 4ms
184 silly placeDep node_modules/@testing-library/jest-dom color-convert@2.0.1 OK for: ansi-styles@4.3.0 want: ^2.0.1
185 timing idealTree:node_modules/@testing-library/jest-dom/node_modules/ansi-styles Completed in 2ms
186 silly placeDep node_modules/@testing-library/jest-dom color-name@1.1.4 OK for: color-convert@2.0.1 want: ~1.1.4
187 timing idealTree:node_modules/@testing-library/jest-dom/node_modules/color-convert Completed in 1ms
188 timing idealTree:node_modules/@testing-library/jest-dom/node_modules/color-name Completed in 0ms
189 silly placeDep node_modules/@testing-library/jest-dom has-flag@4.0.0 OK for: supports-color@7.2.0 want: ^4.0.0
190 timing idealTree:node_modules/@testing-library/jest-dom/node_modules/supports-color Completed in 1ms
191 timing idealTree:node_modules/@testing-library/jest-dom/node_modules/has-flag Completed in 0ms
192 silly placeDep node_modules/@testing-library/react chalk@4.1.2 OK for: @testing-library/dom@8.20.0 want: ^4.1.0
193 timing idealTree:node_modules/@testing-library/react/node_modules/@testing-library/dom Completed in 1ms
194 silly placeDep node_modules/@testing-library/react ansi-styles@4.3.0 OK for: chalk@4.1.2 want: ^4.1.0
195 silly placeDep node_modules/@testing-library/react supports-color@7.2.0 OK for: chalk@4.1.2 want: ^7.1.0
196 timing idealTree:node_modules/@testing-library/react/node_modules/chalk Completed in 3ms
197 silly placeDep node_modules/@testing-library/react color-convert@2.0.1 OK for: ansi-styles@4.3.0 want: ^2.0.1
198 timing idealTree:node_modules/@testing-library/react/node_modules/ansi-styles Completed in 4ms
199 silly placeDep node_modules/@testing-library/react color-name@1.1.4 OK for: color-convert@2.0.1 want: ~1.1.4
200 timing idealTree:node_modules/@testing-library/react/node_modules/color-convert Completed in 1ms
201 timing idealTree:node_modules/@testing-library/react/node_modules/color-name Completed in 0ms
202 silly placeDep node_modules/@testing-library/react has-flag@4.0.0 OK for: supports-color@7.2.0 want: ^4.0.0
203 timing idealTree:node_modules/@testing-library/react/node_modules/supports-color Completed in 1ms
204 timing idealTree:node_modules/@testing-library/react/node_modules/has-flag Completed in 0ms
205 silly placeDep ROOT @jest/expect-utils@29.4.3 OK for: expect@29.4.3 want: ^29.4.3
206 silly placeDep node_modules/@types/jest jest-get-type@29.4.3 OK for: expect@29.4.3 want: ^29.4.3
207 silly placeDep node_modules/@types/jest jest-matcher-utils@29.4.3 OK for: expect@29.4.3 want: ^29.4.3
208 silly placeDep node_modules/@types/jest jest-message-util@29.4.3 OK for: expect@29.4.3 want: ^29.4.3
209 silly placeDep node_modules/@types/jest jest-util@29.4.3 OK for: expect@29.4.3 want: ^29.4.3
210 silly fetch manifest chalk@^4.0.0
211 silly fetch manifest jest-diff@^29.4.3
212 silly fetch manifest @jest/types@^29.4.3
213 http fetch GET 200 https://registry.npmjs.org/@jest%2ftypes 23ms (cache hit)
214 http fetch GET 200 https://registry.npmjs.org/jest-diff 25ms (cache hit)
215 timing idealTree:node_modules/@types/jest/node_modules/expect Completed in 54ms
216 silly placeDep node_modules/@jest/expect-utils jest-get-type@29.4.3 OK for: @jest/expect-utils@29.4.3 want: ^29.4.3
217 timing idealTree:node_modules/@jest/expect-utils Completed in 1ms
218 timing idealTree:node_modules/@jest/expect-utils/node_modules/jest-get-type Completed in 1ms
219 timing idealTree:node_modules/@types/jest/node_modules/jest-get-type Completed in 0ms
220 silly placeDep node_modules/@types/jest chalk@4.1.2 OK for: jest-matcher-utils@29.4.3 want: ^4.0.0
221 silly placeDep node_modules/@types/jest jest-diff@29.4.3 OK for: jest-matcher-utils@29.4.3 want: ^29.4.3
222 silly fetch manifest diff-sequences@^29.4.3
223 http fetch GET 200 https://registry.npmjs.org/diff-sequences 5ms (cache hit)
224 timing idealTree:node_modules/@types/jest/node_modules/jest-matcher-utils Completed in 9ms
225 silly placeDep node_modules/@types/jest ansi-styles@4.3.0 OK for: chalk@4.1.2 want: ^4.1.0
226 silly placeDep node_modules/@types/jest supports-color@7.2.0 OK for: chalk@4.1.2 want: ^7.1.0
227 timing idealTree:node_modules/@types/jest/node_modules/chalk Completed in 3ms
228 silly placeDep node_modules/@types/jest color-convert@2.0.1 OK for: ansi-styles@4.3.0 want: ^2.0.1
229 timing idealTree:node_modules/@types/jest/node_modules/ansi-styles Completed in 4ms
230 silly placeDep node_modules/@types/jest color-name@1.1.4 OK for: color-convert@2.0.1 want: ~1.1.4
231 timing idealTree:node_modules/@types/jest/node_modules/color-convert Completed in 1ms
232 timing idealTree:node_modules/@types/jest/node_modules/color-name Completed in 0ms
233 silly placeDep node_modules/@types/jest diff-sequences@29.4.3 OK for: jest-diff@29.4.3 want: ^29.4.3
234 timing idealTree:node_modules/@types/jest/node_modules/jest-diff Completed in 1ms
235 timing idealTree:node_modules/@types/jest/node_modules/diff-sequences Completed in 0ms
236 silly placeDep node_modules/@types/jest @jest/types@29.4.3 OK for: jest-message-util@29.4.3 want: ^29.4.3
237 silly fetch manifest @types/yargs@^17.0.8
238 http fetch GET 200 https://registry.npmjs.org/@types%2fyargs 5ms (cache hit)
239 timing idealTree:node_modules/@types/jest/node_modules/jest-message-util Completed in 9ms
240 silly placeDep node_modules/@types/jest @jest/schemas@29.4.3 OK for: @jest/types@29.4.3 want: ^29.4.3
241 silly placeDep node_modules/@types/jest @types/yargs@17.0.22 OK for: @jest/types@29.4.3 want: ^17.0.8
242 silly fetch manifest @sinclair/typebox@^0.25.16
243 http fetch GET 200 https://registry.npmjs.org/@sinclair%2ftypebox 52ms (cache hit)
244 timing idealTree:node_modules/@types/jest/node_modules/@jest/types Completed in 62ms
245 silly placeDep node_modules/@types/jest @sinclair/typebox@0.25.24 OK for: @jest/schemas@29.4.3 want: ^0.25.16
246 timing idealTree:node_modules/@types/jest/node_modules/@jest/schemas Completed in 2ms
247 timing idealTree:node_modules/@types/jest/node_modules/@sinclair/typebox Completed in 0ms
248 timing idealTree:node_modules/@types/jest/node_modules/@types/yargs Completed in 0ms
249 timing idealTree:node_modules/@types/jest/node_modules/jest-util Completed in 0ms
250 silly placeDep node_modules/@types/jest/node_modules/pretty-format ansi-styles@5.2.0 OK for: pretty-format@29.4.3 want: ^5.0.0
251 silly placeDep node_modules/@types/jest react-is@18.2.0 OK for: pretty-format@29.4.3 want: ^18.0.0
252 timing idealTree:node_modules/@types/jest/node_modules/pretty-format Completed in 3ms
253 timing idealTree:node_modules/@types/jest/node_modules/react-is Completed in 0ms
254 silly placeDep node_modules/@types/jest has-flag@4.0.0 OK for: supports-color@7.2.0 want: ^4.0.0
255 timing idealTree:node_modules/@types/jest/node_modules/supports-color Completed in 2ms
256 timing idealTree:node_modules/@types/jest/node_modules/has-flag Completed in 0ms
257 timing idealTree:node_modules/@types/jest/node_modules/pretty-format/node_modules/ansi-styles Completed in 0ms
258 timing idealTree:buildDeps Completed in 2100ms
259 timing idealTree:fixDepFlags Completed in 75ms
260 timing idealTree Completed in 3416ms
261 timing reify:loadTrees Completed in 3416ms
262 timing reify:diffTrees Completed in 42ms
263 silly reify moves {}
264 timing reify:retireShallow Completed in 1ms
265 timing reify:createSparse Completed in 21ms
266 timing reify:loadBundles Completed in 0ms
267 verbose reify failed optional dependency /root/word-power-2/node_modules/fsevents
268 silly reify mark deleted [ '/root/word-power-2/node_modules/fsevents' ]
269 timing reifyNode:node_modules/fsevents Completed in 9ms
270 silly tarball no local data for min-indent@https://registry.npmjs.org/min-indent/-/min-indent-1.0.1.tgz. Extracting by manifest.
271 silly tarball no local data for strip-indent@https://registry.npmjs.org/strip-indent/-/strip-indent-3.0.0.tgz. Extracting by manifest.
272 silly tarball no local data for @jest/expect-utils@https://registry.npmjs.org/@jest/expect-utils/-/expect-utils-29.4.3.tgz. Extracting by manifest.
273 silly tarball no local data for @types/jest@https://registry.npmjs.org/@types/jest/-/jest-29.4.0.tgz. Extracting by manifest.
274 silly tarball no local data for csstype@https://registry.npmjs.org/csstype/-/csstype-3.1.1.tgz. Extracting by manifest.
275 silly tarball no local data for @types/scheduler@https://registry.npmjs.org/@types/scheduler/-/scheduler-0.16.2.tgz. Extracting by manifest.
276 silly tarball no local data for @types/prop-types@https://registry.npmjs.org/@types/prop-types/-/prop-types-15.7.5.tgz. Extracting by manifest.
277 silly tarball no local data for @types/react@https://registry.npmjs.org/@types/react/-/react-18.0.28.tgz. Extracting by manifest.
278 silly tarball no local data for @types/react-dom@https://registry.npmjs.org/@types/react-dom/-/react-dom-18.0.11.tgz. Extracting by manifest.
279 silly tarball no local data for redent@https://registry.npmjs.org/redent/-/redent-3.0.0.tgz. Extracting by manifest.
280 silly tarball no local data for css.escape@https://registry.npmjs.org/css.escape/-/css.escape-1.5.1.tgz. Extracting by manifest.
281 silly tarball no local data for @types/testing-library__jest-dom@https://registry.npmjs.org/@types/testing-library__jest-dom/-/testing-library__jest-dom-5.14.5.tgz. Extracting by manifest.
282 silly tarball no local data for @adobe/css-tools@https://registry.npmjs.org/@adobe/css-tools/-/css-tools-4.2.0.tgz. Extracting by manifest.
283 silly tarball no local data for lz-string@https://registry.npmjs.org/lz-string/-/lz-string-1.4.4.tgz. Extracting by manifest.
284 silly tarball no local data for dom-accessibility-api@https://registry.npmjs.org/dom-accessibility-api/-/dom-accessibility-api-0.5.16.tgz. Extracting by manifest.
285 silly tarball no local data for web-vitals@https://registry.npmjs.org/web-vitals/-/web-vitals-2.1.4.tgz. Extracting by manifest.
286 silly tarball no local data for @types/aria-query@https://registry.npmjs.org/@types/aria-query/-/aria-query-5.0.1.tgz. Extracting by manifest.
287 silly tarball no local data for @testing-library/dom@https://registry.npmjs.org/@testing-library/dom/-/dom-9.0.0.tgz. Extracting by manifest.
288 silly tarball no local data for @testing-library/user-event@https://registry.npmjs.org/@testing-library/user-event/-/user-event-13.5.0.tgz. Extracting by manifest.
289 silly tarball no local data for @testing-library/react@https://registry.npmjs.org/@testing-library/react/-/react-13.4.0.tgz. Extracting by manifest.
290 silly tarball no local data for @testing-library/jest-dom@https://registry.npmjs.org/@testing-library/jest-dom/-/jest-dom-5.16.5.tgz. Extracting by manifest.
291 silly tarball no local data for jest-get-type@https://registry.npmjs.org/jest-get-type/-/jest-get-type-29.4.3.tgz. Extracting by manifest.
292 silly tarball no local data for @sinclair/typebox@https://registry.npmjs.org/@sinclair/typebox/-/typebox-0.25.24.tgz. Extracting by manifest.
293 silly tarball no local data for @jest/types@https://registry.npmjs.org/@jest/types/-/types-29.4.3.tgz. Extracting by manifest.
294 silly tarball no local data for @jest/schemas@https://registry.npmjs.org/@jest/schemas/-/schemas-29.4.3.tgz. Extracting by manifest.
295 silly tarball no local data for diff-sequences@https://registry.npmjs.org/diff-sequences/-/diff-sequences-29.4.3.tgz. Extracting by manifest.
296 silly tarball no local data for jest-diff@https://registry.npmjs.org/jest-diff/-/jest-diff-29.4.3.tgz. Extracting by manifest.
297 silly tarball no local data for jest-util@https://registry.npmjs.org/jest-util/-/jest-util-29.4.3.tgz. Extracting by manifest.
298 silly tarball no local data for jest-message-util@https://registry.npmjs.org/jest-message-util/-/jest-message-util-29.4.3.tgz. Extracting by manifest.
299 silly tarball no local data for jest-matcher-utils@https://registry.npmjs.org/jest-matcher-utils/-/jest-matcher-utils-29.4.3.tgz. Extracting by manifest.
300 silly tarball no local data for jest-get-type@https://registry.npmjs.org/jest-get-type/-/jest-get-type-29.4.3.tgz. Extracting by manifest.
301 silly tarball no local data for pretty-format@https://registry.npmjs.org/pretty-format/-/pretty-format-29.4.3.tgz. Extracting by manifest.
302 silly tarball no local data for expect@https://registry.npmjs.org/expect/-/expect-29.4.3.tgz. Extracting by manifest.
303 silly tarball no local data for @testing-library/dom@https://registry.npmjs.org/@testing-library/dom/-/dom-8.20.0.tgz. Extracting by manifest.
304 silly tarball no local data for chalk@https://registry.npmjs.org/chalk/-/chalk-3.0.0.tgz. Extracting by manifest.
305 timing reifyNode:node_modules/@types/jest/node_modules/color-name Completed in 520ms
306 timing reifyNode:node_modules/@testing-library/dom/node_modules/color-name Completed in 519ms
307 timing reifyNode:node_modules/@testing-library/react/node_modules/color-name Completed in 520ms
308 timing reifyNode:node_modules/@testing-library/jest-dom/node_modules/color-name Completed in 518ms
309 timing reifyNode:node_modules/@types/jest/node_modules/has-flag Completed in 529ms
310 timing reifyNode:node_modules/@types/jest/node_modules/supports-color Completed in 530ms
311 timing reifyNode:node_modules/@testing-library/dom/node_modules/has-flag Completed in 529ms
312 timing reifyNode:node_modules/@testing-library/dom/node_modules/supports-color Completed in 530ms
313 timing reifyNode:node_modules/@testing-library/react/node_modules/has-flag Completed in 530ms
314 timing reifyNode:node_modules/@testing-library/react/node_modules/supports-color Completed in 530ms
315 timing reifyNode:node_modules/@testing-library/jest-dom/node_modules/has-flag Completed in 529ms
316 timing reifyNode:node_modules/@testing-library/jest-dom/node_modules/supports-color Completed in 529ms
317 timing reifyNode:node_modules/indent-string Completed in 549ms
318 timing reifyNode:node_modules/@types/jest/node_modules/ansi-styles Completed in 549ms
319 timing reifyNode:node_modules/@testing-library/dom/node_modules/ansi-styles Completed in 548ms
320 timing reifyNode:node_modules/@testing-library/react/node_modules/ansi-styles Completed in 548ms
321 timing reifyNode:node_modules/@types/jest/node_modules/pretty-format/node_modules/ansi-styles Completed in 550ms
322 timing reifyNode:node_modules/@testing-library/jest-dom/node_modules/ansi-styles Completed in 547ms
323 timing reifyNode:node_modules/@types/jest/node_modules/color-convert Completed in 576ms
324 timing reifyNode:node_modules/@testing-library/dom/node_modules/color-convert Completed in 575ms
325 timing reifyNode:node_modules/@testing-library/react/node_modules/color-convert Completed in 574ms
326 timing reifyNode:node_modules/@testing-library/jest-dom/node_modules/color-convert Completed in 573ms
327 timing reifyNode:node_modules/@types/jest/node_modules/chalk Completed in 607ms
328 timing reifyNode:node_modules/@testing-library/dom/node_modules/chalk Completed in 606ms
329 timing reifyNode:node_modules/@testing-library/react/node_modules/chalk Completed in 605ms
330 http fetch GET 200 https://registry.npmjs.org/strip-indent/-/strip-indent-3.0.0.tgz 603ms (cache miss)
331 timing reifyNode:node_modules/strip-indent Completed in 654ms
332 http fetch GET 200 https://registry.npmjs.org/min-indent/-/min-indent-1.0.1.tgz 606ms (cache miss)
333 timing reifyNode:node_modules/min-indent Completed in 655ms
334 http fetch GET 200 https://registry.npmjs.org/@types/react-dom/-/react-dom-18.0.11.tgz 600ms (cache miss)
335 timing reifyNode:node_modules/@types/jest/node_modules/react-is Completed in 681ms
336 timing reifyNode:node_modules/@types/jest/node_modules/@types/yargs Completed in 681ms
337 timing reifyNode:node_modules/@types/react-dom Completed in 684ms
338 http fetch GET 200 https://registry.npmjs.org/jest-get-type/-/jest-get-type-29.4.3.tgz 601ms (cache miss)
339 timing reifyNode:node_modules/@jest/expect-utils/node_modules/jest-get-type Completed in 687ms
340 http fetch GET 200 https://registry.npmjs.org/@types/prop-types/-/prop-types-15.7.5.tgz 635ms (cache miss)
341 timing reifyNode:node_modules/@types/prop-types Completed in 690ms
342 http fetch GET 200 https://registry.npmjs.org/@types/scheduler/-/scheduler-0.16.2.tgz 637ms (cache miss)
343 timing reifyNode:node_modules/@types/scheduler Completed in 692ms
344 http fetch GET 200 https://registry.npmjs.org/diff-sequences/-/diff-sequences-29.4.3.tgz 607ms (cache miss)
345 timing reifyNode:node_modules/@types/jest/node_modules/diff-sequences Completed in 700ms
346 http fetch GET 200 https://registry.npmjs.org/@types/testing-library__jest-dom/-/testing-library__jest-dom-5.14.5.tgz 633ms (cache miss)
347 timing reifyNode:node_modules/@types/testing-library__jest-dom Completed in 701ms
348 http fetch GET 200 https://registry.npmjs.org/@types/jest/-/jest-29.4.0.tgz 650ms (cache miss)
349 timing reifyNode:node_modules/@types/jest Completed in 704ms
350 http fetch GET 200 https://registry.npmjs.org/@types/aria-query/-/aria-query-5.0.1.tgz 629ms (cache miss)
351 timing reifyNode:node_modules/@types/aria-query Completed in 703ms
352 http fetch GET 200 https://registry.npmjs.org/redent/-/redent-3.0.0.tgz 643ms (cache miss)
353 timing reifyNode:node_modules/redent Completed in 705ms
354 http fetch GET 200 https://registry.npmjs.org/jest-matcher-utils/-/jest-matcher-utils-29.4.3.tgz 606ms (cache miss)
355 timing reifyNode:node_modules/@types/jest/node_modules/jest-matcher-utils Completed in 707ms
356 http fetch GET 200 https://registry.npmjs.org/jest-get-type/-/jest-get-type-29.4.3.tgz 605ms (cache miss)
357 timing reifyNode:node_modules/@types/jest/node_modules/jest-get-type Completed in 707ms
358 http fetch GET 200 https://registry.npmjs.org/@jest/schemas/-/schemas-29.4.3.tgz 616ms (cache miss)
359 timing reifyNode:node_modules/@types/jest/node_modules/@jest/schemas Completed in 708ms
360 http fetch GET 200 https://registry.npmjs.org/css.escape/-/css.escape-1.5.1.tgz 647ms (cache miss)
361 timing reifyNode:node_modules/css.escape Completed in 711ms
362 http fetch GET 200 https://registry.npmjs.org/jest-message-util/-/jest-message-util-29.4.3.tgz 617ms (cache miss)
363 timing reifyNode:node_modules/@types/jest/node_modules/jest-message-util Completed in 714ms
364 http fetch GET 200 https://registry.npmjs.org/@jest/expect-utils/-/expect-utils-29.4.3.tgz 675ms (cache miss)
365 timing reifyNode:node_modules/@jest/expect-utils Completed in 728ms
366 http fetch GET 200 https://registry.npmjs.org/@types/react/-/react-18.0.28.tgz 684ms (cache miss)
367 timing reifyNode:node_modules/@types/react Completed in 743ms
368 http fetch GET 200 https://registry.npmjs.org/chalk/-/chalk-3.0.0.tgz 649ms (cache miss)
369 timing reifyNode:node_modules/@testing-library/jest-dom/node_modules/chalk Completed in 757ms
370 http fetch GET 200 https://registry.npmjs.org/@jest/types/-/types-29.4.3.tgz 675ms (cache miss)
371 timing reifyNode:node_modules/@types/jest/node_modules/@jest/types Completed in 763ms
372 http fetch GET 200 https://registry.npmjs.org/jest-util/-/jest-util-29.4.3.tgz 693ms (cache miss)
373 timing reifyNode:node_modules/@types/jest/node_modules/jest-util Completed in 792ms
374 http fetch GET 200 https://registry.npmjs.org/expect/-/expect-29.4.3.tgz 709ms (cache miss)
375 timing reifyNode:node_modules/@types/jest/node_modules/expect Completed in 814ms
376 http fetch GET 200 https://registry.npmjs.org/pretty-format/-/pretty-format-29.4.3.tgz 715ms (cache miss)
377 timing reifyNode:node_modules/@types/jest/node_modules/pretty-format Completed in 818ms
378 http fetch GET 200 https://registry.npmjs.org/jest-diff/-/jest-diff-29.4.3.tgz 725ms (cache miss)
379 timing reifyNode:node_modules/@types/jest/node_modules/jest-diff Completed in 820ms
380 http fetch GET 200 https://registry.npmjs.org/@testing-library/jest-dom/-/jest-dom-5.16.5.tgz 772ms (cache miss)
381 timing reifyNode:node_modules/@testing-library/jest-dom Completed in 852ms
382 http fetch GET 200 https://registry.npmjs.org/lz-string/-/lz-string-1.4.4.tgz 787ms (cache miss)
383 timing reifyNode:node_modules/lz-string Completed in 856ms
384 http fetch GET 200 https://registry.npmjs.org/@adobe/css-tools/-/css-tools-4.2.0.tgz 824ms (cache miss)
385 timing reifyNode:node_modules/@adobe/css-tools Completed in 897ms
386 http fetch GET 200 https://registry.npmjs.org/@sinclair/typebox/-/typebox-0.25.24.tgz 874ms (cache miss)
387 timing reifyNode:node_modules/@types/jest/node_modules/@sinclair/typebox Completed in 965ms
388 http fetch GET 200 https://registry.npmjs.org/csstype/-/csstype-3.1.1.tgz 927ms (cache miss)
389 timing reifyNode:node_modules/csstype Completed in 982ms
390 http fetch GET 200 https://registry.npmjs.org/web-vitals/-/web-vitals-2.1.4.tgz 921ms (cache miss)
391 timing reifyNode:node_modules/web-vitals Completed in 992ms
392 http fetch GET 200 https://registry.npmjs.org/dom-accessibility-api/-/dom-accessibility-api-0.5.16.tgz 927ms (cache miss)
393 timing reifyNode:node_modules/dom-accessibility-api Completed in 999ms
394 http fetch GET 200 https://registry.npmjs.org/@testing-library/user-event/-/user-event-13.5.0.tgz 943ms (cache miss)
395 timing reifyNode:node_modules/@testing-library/user-event Completed in 1020ms
396 http fetch GET 200 https://registry.npmjs.org/@testing-library/dom/-/dom-9.0.0.tgz 1011ms (cache miss)
397 timing reifyNode:node_modules/@testing-library/dom Completed in 1087ms
398 http fetch GET 200 https://registry.npmjs.org/@testing-library/dom/-/dom-8.20.0.tgz 985ms (cache miss)
399 timing reifyNode:node_modules/@testing-library/react/node_modules/@testing-library/dom Completed in 1092ms
400 http fetch GET 200 https://registry.npmjs.org/@testing-library/react/-/react-13.4.0.tgz 1024ms (cache miss)
401 timing reifyNode:node_modules/@testing-library/react Completed in 1101ms
402 timing reify:unpack Completed in 1104ms
403 timing reify:unretire Completed in 0ms
404 timing build:queue Completed in 6ms
405 timing build:link:node_modules/lz-string Completed in 2ms
406 timing build:link Completed in 2ms
407 timing build:deps Completed in 9ms
408 timing build Completed in 9ms
409 timing reify:build Completed in 10ms
410 timing reify:trash Completed in 0ms
411 timing reify:save Completed in 467ms
412 timing reify Completed in 5286ms
413 silly ADD node_modules/@jest/expect-utils
414 silly ADD node_modules/@jest/expect-utils/node_modules/jest-get-type
415 silly ADD node_modules/min-indent
416 silly ADD node_modules/strip-indent
417 silly ADD node_modules/indent-string
418 silly ADD node_modules/@types/jest
419 silly ADD node_modules/@types/jest/node_modules/has-flag
420 silly ADD node_modules/@types/jest/node_modules/react-is
421 silly ADD node_modules/@types/jest/node_modules/@sinclair/typebox
422 silly ADD node_modules/@types/jest/node_modules/@types/yargs
423 silly ADD node_modules/@types/jest/node_modules/@jest/schemas
424 silly ADD node_modules/@types/jest/node_modules/@jest/types
425 silly ADD node_modules/@types/jest/node_modules/diff-sequences
426 silly ADD node_modules/@types/jest/node_modules/color-name
427 silly ADD node_modules/@types/jest/node_modules/color-convert
428 silly ADD node_modules/@types/jest/node_modules/supports-color
429 silly ADD node_modules/@types/jest/node_modules/ansi-styles
430 silly ADD node_modules/@types/jest/node_modules/jest-diff
431 silly ADD node_modules/@types/jest/node_modules/chalk
432 silly ADD node_modules/@types/jest/node_modules/jest-util
433 silly ADD node_modules/@types/jest/node_modules/jest-message-util
434 silly ADD node_modules/@types/jest/node_modules/jest-matcher-utils
435 silly ADD node_modules/@types/jest/node_modules/jest-get-type
436 silly ADD node_modules/@types/jest/node_modules/pretty-format
437 silly ADD node_modules/@types/jest/node_modules/pretty-format/node_modules/ansi-styles
438 silly ADD node_modules/@types/jest/node_modules/expect
439 silly ADD node_modules/csstype
440 silly ADD node_modules/@types/scheduler
441 silly ADD node_modules/@types/prop-types
442 silly ADD node_modules/@types/react
443 silly ADD node_modules/@types/react-dom
444 silly ADD node_modules/redent
445 silly ADD node_modules/css.escape
446 silly ADD node_modules/@types/testing-library__jest-dom
447 silly ADD node_modules/@adobe/css-tools
448 silly ADD node_modules/lz-string
449 silly ADD node_modules/dom-accessibility-api
450 silly ADD node_modules/@types/aria-query
451 silly ADD node_modules/web-vitals
452 silly ADD node_modules/@testing-library/dom
453 silly ADD node_modules/@testing-library/dom/node_modules/has-flag
454 silly ADD node_modules/@testing-library/dom/node_modules/color-name
455 silly ADD node_modules/@testing-library/dom/node_modules/color-convert
456 silly ADD node_modules/@testing-library/dom/node_modules/supports-color
457 silly ADD node_modules/@testing-library/dom/node_modules/ansi-styles
458 silly ADD node_modules/@testing-library/dom/node_modules/chalk
459 silly ADD node_modules/@testing-library/user-event
460 silly ADD node_modules/@testing-library/react
461 silly ADD node_modules/@testing-library/react/node_modules/has-flag
462 silly ADD node_modules/@testing-library/react/node_modules/color-name
463 silly ADD node_modules/@testing-library/react/node_modules/color-convert
464 silly ADD node_modules/@testing-library/react/node_modules/supports-color
465 silly ADD node_modules/@testing-library/react/node_modules/ansi-styles
466 silly ADD node_modules/@testing-library/react/node_modules/chalk
467 silly ADD node_modules/@testing-library/react/node_modules/@testing-library/dom
468 silly ADD node_modules/@testing-library/jest-dom
469 silly ADD node_modules/@testing-library/jest-dom/node_modules/has-flag
470 silly ADD node_modules/@testing-library/jest-dom/node_modules/color-name
471 silly ADD node_modules/@testing-library/jest-dom/node_modules/color-convert
472 silly ADD node_modules/@testing-library/jest-dom/node_modules/supports-color
473 silly ADD node_modules/@testing-library/jest-dom/node_modules/ansi-styles
474 silly ADD node_modules/@testing-library/jest-dom/node_modules/chalk
475 silly ADD
476 timing command:install Completed in 5303ms
477 verbose exit 0
478 timing npm Completed in 5496ms
479 info ok
