0 verbose cli /usr/bin/node /usr/bin/npm
1 info using npm@8.19.2
2 info using node@v16.18.1
3 timing npm:load:whichnode Completed in 1ms
4 timing config:load:defaults Completed in 2ms
5 timing config:load:file:/usr/lib/node_modules/npm/npmrc Completed in 2ms
6 timing config:load:builtin Completed in 2ms
7 timing config:load:cli Completed in 2ms
8 timing config:load:env Completed in 0ms
9 timing config:load:project Completed in 1ms
10 timing config:load:file:/root/.npmrc Completed in 0ms
11 timing config:load:user Completed in 0ms
12 timing config:load:file:/usr/etc/npmrc Completed in 1ms
13 timing config:load:global Completed in 2ms
14 timing config:load:validate Completed in 0ms
15 timing config:load:credentials Completed in 1ms
16 timing config:load:setEnvs Completed in 1ms
17 timing config:load Completed in 12ms
18 timing npm:load:configload Completed in 12ms
19 timing npm:load:mkdirpcache Completed in 2ms
20 timing npm:load:mkdirplogs Completed in 0ms
21 verbose title npm install nvm
22 verbose argv "install" "--global" "nvm"
23 timing npm:load:setTitle Completed in 1ms
24 timing config:load:flatten Completed in 3ms
25 timing npm:load:display Completed in 5ms
26 verbose logfile logs-max:10 dir:/root/.npm/_logs
27 verbose logfile /root/.npm/_logs/2023-02-03T06_35_50_291Z-debug-0.log
28 timing npm:load:logFile Completed in 6ms
29 timing npm:load:timers Completed in 0ms
30 timing npm:load:configScope Completed in 0ms
31 timing npm:load Completed in 28ms
32 timing arborist:ctor Completed in 1ms
33 silly logfile done cleaning log files
34 timing idealTree:init Completed in 7ms
35 timing idealTree:userRequests Completed in 3ms
36 silly idealTree buildDeps
37 silly fetch manifest nvm@*
38 http fetch GET 200 https://registry.npmjs.org/npm 202ms (cache miss)
39 http fetch GET 200 https://registry.npmjs.org/nvm 478ms (cache miss)
40 silly placeDep ROOT nvm@0.0.4 OK for:  want: *
41 timing idealTree:#root Completed in 489ms
42 timing idealTree:node_modules/nvm Completed in 0ms
43 timing idealTree:buildDeps Completed in 491ms
44 timing idealTree:fixDepFlags Completed in 1ms
45 timing idealTree Completed in 503ms
46 timing reify:loadTrees Completed in 505ms
47 timing reify:diffTrees Completed in 1ms
48 silly reify moves {}
49 timing reify:retireShallow Completed in 2ms
50 timing reify:createSparse Completed in 1ms
51 timing reify:loadBundles Completed in 0ms
52 silly audit bulk request { nvm: [ '0.0.4' ] }
53 silly tarball no local data for nvm@https://registry.npmjs.org/nvm/-/nvm-0.0.4.tgz. Extracting by manifest.
54 http fetch GET 200 https://registry.npmjs.org/nvm/-/nvm-0.0.4.tgz 42ms (cache miss)
55 warn deprecated nvm@0.0.4: This is NOT the correct nvm. Visit https://nvm.sh and use the curl command to install it.
56 timing reifyNode:node_modules/nvm Completed in 58ms
57 timing reify:unpack Completed in 59ms
58 timing reify:unretire Completed in 0ms
59 timing build:queue Completed in 1ms
60 timing build:link:node_modules/nvm Completed in 2ms
61 timing build:link Completed in 3ms
62 timing build:deps Completed in 5ms
63 timing build Completed in 5ms
64 timing reify:build Completed in 6ms
65 timing reify:trash Completed in 0ms
66 http fetch POST 200 https://registry.npmjs.org/-/npm/v1/security/advisories/bulk 96ms
67 timing auditReport:getReport Completed in 98ms
68 silly audit report {}
69 timing auditReport:init Completed in 0ms
70 timing reify:audit Completed in 99ms
71 timing reify Completed in 683ms
72 silly ADD node_modules/nvm
73 timing command:install Completed in 691ms
74 notice
74 notice New [31mmajor[39m version of npm available! [31m8.19.2[39m -> [32m9.4.1[39m
74 notice Changelog: [36mhttps://github.com/npm/cli/releases/tag/v9.4.1[39m
74 notice Run [32mnpm install -g npm@9.4.1[39m to update!
74 notice
75 verbose exit 0
76 timing npm Completed in 835ms
77 info ok
