0 verbose cli /usr/bin/node /usr/lib/node_modules/npm/bin/npm-cli.js
1 info using npm@8.19.2
2 info using node@v16.18.1
3 timing npm:load:whichnode Completed in 1ms
4 timing config:load:defaults Completed in 2ms
5 timing config:load:file:/usr/lib/node_modules/npm/npmrc Completed in 1ms
6 timing config:load:builtin Completed in 1ms
7 timing config:load:cli Completed in 2ms
8 timing config:load:env Completed in 0ms
9 timing config:load:project Completed in 1ms
10 timing config:load:file:/root/.npmrc Completed in 0ms
11 timing config:load:user Completed in 0ms
12 timing config:load:file:/usr/etc/npmrc Completed in 1ms
13 timing config:load:global Completed in 2ms
14 timing config:load:validate Completed in 1ms
15 timing config:load:credentials Completed in 1ms
16 timing config:load:setEnvs Completed in 1ms
17 timing config:load Completed in 11ms
18 timing npm:load:configload Completed in 11ms
19 timing npm:load:mkdirpcache Completed in 1ms
20 timing npm:load:mkdirplogs Completed in 1ms
21 verbose title npm exec create-react-app word-power-2
22 verbose argv "exec" "--" "create-react-app" "word-power-2"
23 timing npm:load:setTitle Completed in 1ms
24 timing config:load:flatten Completed in 3ms
25 timing npm:load:display Completed in 5ms
26 verbose logfile logs-max:10 dir:/root/.npm/_logs
27 verbose logfile /root/.npm/_logs/2023-02-28T14_15_37_670Z-debug-0.log
28 timing npm:load:logFile Completed in 10ms
29 timing npm:load:timers Completed in 0ms
30 timing npm:load:configScope Completed in 0ms
31 timing npm:load Completed in 31ms
32 silly logfile start cleaning logs, removing 1 files
33 silly logfile done cleaning log files
34 timing arborist:ctor Completed in 1ms
35 http fetch GET 200 https://registry.npmjs.org/create-react-app 132ms (cache revalidated)
36 timing arborist:ctor Completed in 0ms
37 timing arborist:ctor Completed in 1ms
38 timing arborist:ctor Completed in 0ms
39 timing idealTree:init Completed in 4ms
40 timing idealTree:userRequests Completed in 1ms
41 silly idealTree buildDeps
42 silly fetch manifest create-react-app@5.0.1
43 http fetch GET 200 https://registry.npmjs.org/create-react-app 6ms (cache hit)
44 silly placeDep ROOT create-react-app@5.0.1 OK for:  want: 5.0.1
45 silly fetch manifest chalk@^4.1.2
46 silly fetch manifest commander@^4.1.1
47 silly fetch manifest cross-spawn@^7.0.3
48 silly fetch manifest envinfo@^7.8.1
49 silly fetch manifest fs-extra@^10.0.0
50 silly fetch manifest hyperquest@^2.1.3
51 silly fetch manifest prompts@^2.4.2
52 silly fetch manifest semver@^7.3.5
53 silly fetch manifest tar-pack@^3.4.1
54 silly fetch manifest tmp@^0.2.1
55 silly fetch manifest validate-npm-package-name@^3.0.0
56 http fetch GET 200 https://registry.npmjs.org/fs-extra 96ms (cache hit)
57 http fetch GET 200 https://registry.npmjs.org/semver 95ms (cache hit)
58 http fetch GET 200 https://registry.npmjs.org/validate-npm-package-name 106ms (cache miss)
59 http fetch GET 200 https://registry.npmjs.org/tar-pack 108ms (cache miss)
60 http fetch GET 200 https://registry.npmjs.org/tmp 109ms (cache miss)
61 http fetch GET 200 https://registry.npmjs.org/envinfo 118ms (cache miss)
62 http fetch GET 200 https://registry.npmjs.org/cross-spawn 139ms (cache revalidated)
63 http fetch GET 200 https://registry.npmjs.org/chalk 159ms (cache updated)
64 http fetch GET 200 https://registry.npmjs.org/prompts 160ms (cache updated)
65 http fetch GET 200 https://registry.npmjs.org/commander 167ms (cache updated)
66 http fetch GET 200 https://registry.npmjs.org/hyperquest 382ms (cache miss)
67 timing idealTree:#root Completed in 400ms
68 silly placeDep ROOT chalk@4.1.2 OK for: create-react-app@5.0.1 want: ^4.1.2
69 silly placeDep ROOT commander@4.1.1 OK for: create-react-app@5.0.1 want: ^4.1.1
70 silly placeDep ROOT cross-spawn@7.0.3 OK for: create-react-app@5.0.1 want: ^7.0.3
71 silly placeDep ROOT envinfo@7.8.1 OK for: create-react-app@5.0.1 want: ^7.8.1
72 silly placeDep ROOT fs-extra@10.1.0 OK for: create-react-app@5.0.1 want: ^10.0.0
73 silly placeDep ROOT hyperquest@2.1.3 OK for: create-react-app@5.0.1 want: ^2.1.3
74 silly placeDep ROOT prompts@2.4.2 OK for: create-react-app@5.0.1 want: ^2.4.2
75 silly placeDep ROOT semver@7.3.8 OK for: create-react-app@5.0.1 want: ^7.3.5
76 silly placeDep ROOT tar-pack@3.4.1 OK for: create-react-app@5.0.1 want: ^3.4.1
77 silly placeDep ROOT tmp@0.2.1 OK for: create-react-app@5.0.1 want: ^0.2.1
78 silly placeDep ROOT validate-npm-package-name@3.0.0 OK for: create-react-app@5.0.1 want: ^3.0.0
79 silly fetch manifest ansi-styles@^4.1.0
80 silly fetch manifest supports-color@^7.1.0
81 silly fetch manifest path-key@^3.1.0
82 silly fetch manifest shebang-command@^2.0.0
83 silly fetch manifest which@^2.0.1
84 silly fetch manifest graceful-fs@^4.2.0
85 silly fetch manifest jsonfile@^6.0.1
86 silly fetch manifest universalify@^2.0.0
87 silly fetch manifest buffer-from@^0.1.1
88 silly fetch manifest duplexer2@~0.0.2
89 silly fetch manifest through2@~0.6.3
90 silly fetch manifest kleur@^3.0.3
91 silly fetch manifest sisteransi@^1.0.5
92 silly fetch manifest lru-cache@^6.0.0
93 silly fetch manifest debug@^2.2.0
94 silly fetch manifest fstream@^1.0.10
95 silly fetch manifest fstream-ignore@^1.0.5
96 silly fetch manifest once@^1.3.3
97 silly fetch manifest readable-stream@^2.1.4
98 silly fetch manifest rimraf@^2.5.1
99 silly fetch manifest tar@^2.2.1
100 silly fetch manifest uid-number@^0.0.6
101 silly fetch manifest rimraf@^3.0.0
102 silly fetch manifest builtins@^1.0.3
103 http fetch GET 200 https://registry.npmjs.org/shebang-command 128ms (cache revalidated)
104 http fetch GET 200 https://registry.npmjs.org/supports-color 132ms (cache revalidated)
105 http fetch GET 200 https://registry.npmjs.org/path-key 139ms (cache revalidated)
106 http fetch GET 200 https://registry.npmjs.org/graceful-fs 138ms (cache revalidated)
107 http fetch GET 200 https://registry.npmjs.org/sisteransi 136ms (cache revalidated)
108 http fetch GET 200 https://registry.npmjs.org/debug 139ms (cache revalidated)
109 http fetch GET 200 https://registry.npmjs.org/uid-number 176ms (cache miss)
110 http fetch GET 200 https://registry.npmjs.org/duplexer2 196ms (cache miss)
111 http fetch GET 200 https://registry.npmjs.org/once 190ms (cache revalidated)
112 http fetch GET 200 https://registry.npmjs.org/rimraf 191ms (cache revalidated)
113 http fetch GET 200 https://registry.npmjs.org/rimraf 190ms (cache revalidated)
114 http fetch GET 200 https://registry.npmjs.org/universalify 204ms (cache revalidated)
115 http fetch GET 200 https://registry.npmjs.org/which 207ms (cache revalidated)
116 http fetch GET 200 https://registry.npmjs.org/tar 197ms (cache revalidated)
117 http fetch GET 200 https://registry.npmjs.org/jsonfile 220ms (cache revalidated)
118 http fetch GET 200 https://registry.npmjs.org/kleur 217ms (cache revalidated)
119 http fetch GET 200 https://registry.npmjs.org/through2 219ms (cache revalidated)
120 http fetch GET 200 https://registry.npmjs.org/buffer-from 222ms (cache revalidated)
121 http fetch GET 200 https://registry.npmjs.org/fstream-ignore 220ms (cache miss)
122 http fetch GET 200 https://registry.npmjs.org/fstream 226ms (cache miss)
123 http fetch GET 200 https://registry.npmjs.org/ansi-styles 237ms (cache updated)
124 http fetch GET 200 https://registry.npmjs.org/lru-cache 240ms (cache updated)
125 http fetch GET 200 https://registry.npmjs.org/readable-stream 237ms (cache updated)
126 http fetch GET 200 https://registry.npmjs.org/builtins 308ms (cache miss)
127 timing idealTree:node_modules/create-react-app Completed in 365ms
128 silly placeDep ROOT ansi-styles@4.3.0 OK for: chalk@4.1.2 want: ^4.1.0
129 silly placeDep ROOT supports-color@7.2.0 OK for: chalk@4.1.2 want: ^7.1.0
130 silly fetch manifest color-convert@^2.0.1
131 silly fetch manifest has-flag@^4.0.0
132 http fetch GET 200 https://registry.npmjs.org/has-flag 25ms (cache revalidated)
133 http fetch GET 200 https://registry.npmjs.org/color-convert 27ms (cache revalidated)
134 timing idealTree:node_modules/chalk Completed in 31ms
135 silly placeDep ROOT color-convert@2.0.1 OK for: ansi-styles@4.3.0 want: ^2.0.1
136 silly fetch manifest color-name@~1.1.4
137 http fetch GET 200 https://registry.npmjs.org/color-name 20ms (cache revalidated)
138 timing idealTree:node_modules/ansi-styles Completed in 22ms
139 silly placeDep ROOT color-name@1.1.4 OK for: color-convert@2.0.1 want: ~1.1.4
140 timing idealTree:node_modules/color-convert Completed in 3ms
141 timing idealTree:node_modules/color-name Completed in 0ms
142 timing idealTree:node_modules/commander Completed in 0ms
143 silly placeDep ROOT path-key@3.1.1 OK for: cross-spawn@7.0.3 want: ^3.1.0
144 silly placeDep ROOT shebang-command@2.0.0 OK for: cross-spawn@7.0.3 want: ^2.0.0
145 silly placeDep ROOT which@2.0.2 OK for: cross-spawn@7.0.3 want: ^2.0.1
146 silly fetch manifest shebang-regex@^3.0.0
147 silly fetch manifest isexe@^2.0.0
148 http fetch GET 200 https://registry.npmjs.org/isexe 24ms (cache revalidated)
149 http fetch GET 200 https://registry.npmjs.org/shebang-regex 31ms (cache revalidated)
150 timing idealTree:node_modules/cross-spawn Completed in 34ms
151 timing idealTree:node_modules/envinfo Completed in 0ms
152 silly placeDep ROOT graceful-fs@4.2.10 OK for: fs-extra@10.1.0 want: ^4.2.0
153 silly placeDep ROOT jsonfile@6.1.0 OK for: fs-extra@10.1.0 want: ^6.0.1
154 silly placeDep ROOT universalify@2.0.0 OK for: fs-extra@10.1.0 want: ^2.0.0
155 timing idealTree:node_modules/fs-extra Completed in 4ms
156 timing idealTree:node_modules/graceful-fs Completed in 0ms
157 silly placeDep ROOT buffer-from@0.1.2 OK for: hyperquest@2.1.3 want: ^0.1.1
158 silly placeDep ROOT duplexer2@0.0.2 OK for: hyperquest@2.1.3 want: ~0.0.2
159 silly placeDep ROOT through2@0.6.5 OK for: hyperquest@2.1.3 want: ~0.6.3
160 silly fetch manifest readable-stream@~1.1.9
161 silly fetch manifest readable-stream@>=1.0.33-1 <1.1.0-0
162 silly fetch manifest xtend@>=4.0.0 <4.1.0-0
163 http fetch GET 200 https://registry.npmjs.org/xtend 36ms (cache revalidated)
164 timing idealTree:node_modules/hyperquest Completed in 44ms
165 timing idealTree:node_modules/buffer-from Completed in 0ms
166 silly placeDep ROOT readable-stream@1.1.14 OK for: duplexer2@0.0.2 want: ~1.1.9
167 silly fetch manifest core-util-is@~1.0.0
168 silly fetch manifest isarray@0.0.1
169 silly fetch manifest string_decoder@~0.10.x
170 silly fetch manifest inherits@~2.0.1
171 http fetch GET 200 https://registry.npmjs.org/core-util-is 37ms (cache revalidated)
172 http fetch GET 200 https://registry.npmjs.org/inherits 35ms (cache revalidated)
173 http fetch GET 200 https://registry.npmjs.org/isarray 40ms (cache revalidated)
174 http fetch GET 200 https://registry.npmjs.org/string_decoder 39ms (cache revalidated)
175 timing idealTree:node_modules/duplexer2 Completed in 47ms
176 timing idealTree:node_modules/jsonfile Completed in 0ms
177 timing idealTree:node_modules/path-key Completed in 0ms
178 silly placeDep ROOT kleur@3.0.3 OK for: prompts@2.4.2 want: ^3.0.3
179 silly placeDep ROOT sisteransi@1.0.5 OK for: prompts@2.4.2 want: ^1.0.5
180 timing idealTree:node_modules/prompts Completed in 2ms
181 timing idealTree:node_modules/kleur Completed in 0ms
182 silly placeDep ROOT core-util-is@1.0.3 OK for: readable-stream@1.1.14 want: ~1.0.0
183 silly placeDep ROOT inherits@2.0.4 OK for: readable-stream@1.1.14 want: ~2.0.1
184 silly placeDep ROOT isarray@0.0.1 OK for: readable-stream@1.1.14 want: 0.0.1
185 silly placeDep ROOT string_decoder@0.10.31 OK for: readable-stream@1.1.14 want: ~0.10.x
186 timing idealTree:node_modules/readable-stream Completed in 5ms
187 timing idealTree:node_modules/core-util-is Completed in 0ms
188 timing idealTree:node_modules/inherits Completed in 0ms
189 timing idealTree:node_modules/isarray Completed in 0ms
190 silly placeDep ROOT lru-cache@6.0.0 OK for: semver@7.3.8 want: ^6.0.0
191 silly fetch manifest yallist@^4.0.0
192 http fetch GET 200 https://registry.npmjs.org/yallist 52ms (cache revalidated)
193 timing idealTree:node_modules/semver Completed in 57ms
194 silly placeDep ROOT yallist@4.0.0 OK for: lru-cache@6.0.0 want: ^4.0.0
195 timing idealTree:node_modules/lru-cache Completed in 1ms
196 silly placeDep ROOT shebang-regex@3.0.0 OK for: shebang-command@2.0.0 want: ^3.0.0
197 timing idealTree:node_modules/shebang-command Completed in 0ms
198 timing idealTree:node_modules/shebang-regex Completed in 0ms
199 timing idealTree:node_modules/sisteransi Completed in 0ms
200 timing idealTree:node_modules/string_decoder Completed in 0ms
201 silly placeDep ROOT has-flag@4.0.0 OK for: supports-color@7.2.0 want: ^4.0.0
202 timing idealTree:node_modules/supports-color Completed in 1ms
203 timing idealTree:node_modules/has-flag Completed in 0ms
204 silly placeDep ROOT debug@2.6.9 OK for: tar-pack@3.4.1 want: ^2.2.0
205 silly placeDep ROOT fstream@1.0.12 OK for: tar-pack@3.4.1 want: ^1.0.10
206 silly placeDep ROOT fstream-ignore@1.0.5 OK for: tar-pack@3.4.1 want: ^1.0.5
207 silly placeDep ROOT once@1.4.0 OK for: tar-pack@3.4.1 want: ^1.3.3
208 silly placeDep node_modules/tar-pack readable-stream@2.3.8 OK for: tar-pack@3.4.1 want: ^2.1.4
209 silly placeDep ROOT rimraf@2.7.1 OK for: tar-pack@3.4.1 want: ^2.5.1
210 silly placeDep ROOT tar@2.2.2 OK for: tar-pack@3.4.1 want: ^2.2.1
211 silly placeDep ROOT uid-number@0.0.6 OK for: tar-pack@3.4.1 want: ^0.0.6
212 silly fetch manifest ms@2.0.0
213 silly fetch manifest mkdirp@>=0.5 0
214 silly fetch manifest minimatch@^3.0.0
215 silly fetch manifest wrappy@1
216 silly fetch manifest isarray@~1.0.0
217 silly fetch manifest process-nextick-args@~2.0.0
218 silly fetch manifest safe-buffer@~5.1.1
219 silly fetch manifest string_decoder@~1.1.1
220 silly fetch manifest util-deprecate@~1.0.1
221 silly fetch manifest glob@^7.1.3
222 silly fetch manifest block-stream@*
223 http fetch GET 200 https://registry.npmjs.org/block-stream 32ms (cache miss)
224 http fetch GET 200 https://registry.npmjs.org/ms 59ms (cache revalidated)
225 http fetch GET 200 https://registry.npmjs.org/mkdirp 73ms (cache revalidated)
226 http fetch GET 200 https://registry.npmjs.org/wrappy 72ms (cache revalidated)
227 http fetch GET 200 https://registry.npmjs.org/process-nextick-args 73ms (cache revalidated)
228 http fetch GET 200 https://registry.npmjs.org/util-deprecate 62ms (cache revalidated)
229 http fetch GET 200 https://registry.npmjs.org/safe-buffer 69ms (cache revalidated)
230 http fetch GET 200 https://registry.npmjs.org/glob 68ms (cache updated)
231 http fetch GET 200 https://registry.npmjs.org/minimatch 91ms (cache updated)
232 timing idealTree:node_modules/tar-pack Completed in 111ms
233 silly placeDep ROOT ms@2.0.0 OK for: debug@2.6.9 want: 2.0.0
234 timing idealTree:node_modules/debug Completed in 1ms
235 silly placeDep ROOT mkdirp@0.5.6 OK for: fstream@1.0.12 want: >=0.5 0
236 silly fetch manifest minimist@^1.2.6
237 http fetch GET 200 https://registry.npmjs.org/minimist 29ms (cache updated)
238 timing idealTree:node_modules/fstream Completed in 35ms
239 silly placeDep ROOT minimatch@3.1.2 OK for: fstream-ignore@1.0.5 want: ^3.0.0
240 silly fetch manifest brace-expansion@^1.1.7
241 http fetch GET 200 https://registry.npmjs.org/brace-expansion 26ms (cache revalidated)
242 timing idealTree:node_modules/fstream-ignore Completed in 28ms
243 silly placeDep ROOT brace-expansion@1.1.11 OK for: minimatch@3.1.2 want: ^1.1.7
244 silly fetch manifest balanced-match@^1.0.0
245 silly fetch manifest concat-map@0.0.1
246 http fetch GET 200 https://registry.npmjs.org/balanced-match 40ms (cache revalidated)
247 http fetch GET 200 https://registry.npmjs.org/concat-map 41ms (cache revalidated)
248 timing idealTree:node_modules/minimatch Completed in 49ms
249 silly placeDep ROOT balanced-match@1.0.2 OK for: brace-expansion@1.1.11 want: ^1.0.0
250 silly placeDep ROOT concat-map@0.0.1 OK for: brace-expansion@1.1.11 want: 0.0.1
251 timing idealTree:node_modules/brace-expansion Completed in 2ms
252 timing idealTree:node_modules/balanced-match Completed in 0ms
253 timing idealTree:node_modules/concat-map Completed in 0ms
254 silly placeDep ROOT minimist@1.2.8 OK for: mkdirp@0.5.6 want: ^1.2.6
255 timing idealTree:node_modules/mkdirp Completed in 1ms
256 timing idealTree:node_modules/minimist Completed in 0ms
257 timing idealTree:node_modules/ms Completed in 0ms
258 silly placeDep ROOT wrappy@1.0.2 OK for: once@1.4.0 want: 1
259 timing idealTree:node_modules/once Completed in 2ms
260 silly placeDep ROOT glob@7.2.3 OK for: rimraf@2.7.1 want: ^7.1.3
261 silly fetch manifest fs.realpath@^1.0.0
262 silly fetch manifest inflight@^1.0.4
263 silly fetch manifest path-is-absolute@^1.0.0
264 http fetch GET 200 https://registry.npmjs.org/fs.realpath 33ms (cache revalidated)
265 http fetch GET 200 https://registry.npmjs.org/inflight 33ms (cache revalidated)
266 http fetch GET 200 https://registry.npmjs.org/path-is-absolute 33ms (cache revalidated)
267 timing idealTree:node_modules/rimraf Completed in 37ms
268 silly placeDep ROOT fs.realpath@1.0.0 OK for: glob@7.2.3 want: ^1.0.0
269 silly placeDep ROOT inflight@1.0.6 OK for: glob@7.2.3 want: ^1.0.4
270 silly placeDep ROOT path-is-absolute@1.0.1 OK for: glob@7.2.3 want: ^1.0.0
271 timing idealTree:node_modules/glob Completed in 3ms
272 timing idealTree:node_modules/fs.realpath Completed in 0ms
273 timing idealTree:node_modules/inflight Completed in 0ms
274 timing idealTree:node_modules/path-is-absolute Completed in 0ms
275 silly placeDep ROOT block-stream@0.0.9 OK for: tar@2.2.2 want: *
276 timing idealTree:node_modules/tar Completed in 2ms
277 timing idealTree:node_modules/block-stream Completed in 0ms
278 silly placeDep node_modules/through2 readable-stream@1.0.34 OK for: through2@0.6.5 want: >=1.0.33-1 <1.1.0-0
279 silly placeDep ROOT xtend@4.0.2 OK for: through2@0.6.5 want: >=4.0.0 <4.1.0-0
280 timing idealTree:node_modules/through2 Completed in 7ms
281 silly placeDep node_modules/tmp rimraf@3.0.2 OK for: tmp@0.2.1 want: ^3.0.0
282 timing idealTree:node_modules/tmp Completed in 2ms
283 timing idealTree:node_modules/uid-number Completed in 0ms
284 timing idealTree:node_modules/universalify Completed in 0ms
285 silly placeDep ROOT builtins@1.0.3 OK for: validate-npm-package-name@3.0.0 want: ^1.0.3
286 timing idealTree:node_modules/validate-npm-package-name Completed in 1ms
287 timing idealTree:node_modules/builtins Completed in 0ms
288 silly placeDep ROOT isexe@2.0.0 OK for: which@2.0.2 want: ^2.0.0
289 timing idealTree:node_modules/which Completed in 1ms
290 timing idealTree:node_modules/isexe Completed in 0ms
291 timing idealTree:node_modules/wrappy Completed in 0ms
292 timing idealTree:node_modules/xtend Completed in 0ms
293 timing idealTree:node_modules/yallist Completed in 0ms
294 silly placeDep node_modules/tar-pack isarray@1.0.0 OK for: readable-stream@2.3.8 want: ~1.0.0
295 silly placeDep ROOT process-nextick-args@2.0.1 OK for: readable-stream@2.3.8 want: ~2.0.0
296 silly placeDep ROOT safe-buffer@5.1.2 OK for: readable-stream@2.3.8 want: ~5.1.1
297 silly placeDep node_modules/tar-pack string_decoder@1.1.1 OK for: readable-stream@2.3.8 want: ~1.1.1
298 silly placeDep ROOT util-deprecate@1.0.2 OK for: readable-stream@2.3.8 want: ~1.0.1
299 timing idealTree:node_modules/tar-pack/node_modules/readable-stream Completed in 11ms
300 timing idealTree:node_modules/process-nextick-args Completed in 0ms
301 timing idealTree:node_modules/safe-buffer Completed in 0ms
302 timing idealTree:node_modules/util-deprecate Completed in 0ms
303 timing idealTree:node_modules/tar-pack/node_modules/isarray Completed in 0ms
304 timing idealTree:node_modules/tar-pack/node_modules/string_decoder Completed in 0ms
305 timing idealTree:node_modules/through2/node_modules/readable-stream Completed in 0ms
306 timing idealTree:node_modules/tmp/node_modules/rimraf Completed in 0ms
307 timing idealTree:buildDeps Completed in 1318ms
308 timing idealTree:fixDepFlags Completed in 0ms
309 timing idealTree Completed in 1326ms
310 timing reify:loadTrees Completed in 1326ms
311 timing reify:diffTrees Completed in 8ms
312 silly reify moves {}
313 timing reify:retireShallow Completed in 1ms
314 timing reify:createSparse Completed in 22ms
315 timing reify:loadBundles Completed in 0ms
316 silly audit bulk request {
316 silly audit   'create-react-app': [ '5.0.1' ],
316 silly audit   chalk: [ '4.1.2' ],
316 silly audit   commander: [ '4.1.1' ],
316 silly audit   'cross-spawn': [ '7.0.3' ],
316 silly audit   envinfo: [ '7.8.1' ],
316 silly audit   'fs-extra': [ '10.1.0' ],
316 silly audit   hyperquest: [ '2.1.3' ],
316 silly audit   prompts: [ '2.4.2' ],
316 silly audit   semver: [ '7.3.8' ],
316 silly audit   'tar-pack': [ '3.4.1' ],
316 silly audit   tmp: [ '0.2.1' ],
316 silly audit   'validate-npm-package-name': [ '3.0.0' ],
316 silly audit   'ansi-styles': [ '4.3.0' ],
316 silly audit   'supports-color': [ '7.2.0' ],
316 silly audit   'color-convert': [ '2.0.1' ],
316 silly audit   'color-name': [ '1.1.4' ],
316 silly audit   'path-key': [ '3.1.1' ],
316 silly audit   'shebang-command': [ '2.0.0' ],
316 silly audit   which: [ '2.0.2' ],
316 silly audit   'graceful-fs': [ '4.2.10' ],
316 silly audit   jsonfile: [ '6.1.0' ],
316 silly audit   universalify: [ '2.0.0' ],
316 silly audit   'buffer-from': [ '0.1.2' ],
316 silly audit   duplexer2: [ '0.0.2' ],
316 silly audit   through2: [ '0.6.5' ],
316 silly audit   'readable-stream': [ '1.1.14', '2.3.8', '1.0.34' ],
316 silly audit   kleur: [ '3.0.3' ],
316 silly audit   sisteransi: [ '1.0.5' ],
316 silly audit   'core-util-is': [ '1.0.3' ],
316 silly audit   inherits: [ '2.0.4' ],
316 silly audit   isarray: [ '0.0.1', '1.0.0' ],
316 silly audit   string_decoder: [ '0.10.31', '1.1.1' ],
316 silly audit   'lru-cache': [ '6.0.0' ],
316 silly audit   yallist: [ '4.0.0' ],
316 silly audit   'shebang-regex': [ '3.0.0' ],
316 silly audit   'has-flag': [ '4.0.0' ],
316 silly audit   debug: [ '2.6.9' ],
316 silly audit   fstream: [ '1.0.12' ],
316 silly audit   'fstream-ignore': [ '1.0.5' ],
316 silly audit   once: [ '1.4.0' ],
316 silly audit   rimraf: [ '2.7.1', '3.0.2' ],
316 silly audit   tar: [ '2.2.2' ],
316 silly audit   'uid-number': [ '0.0.6' ],
316 silly audit   ms: [ '2.0.0' ],
316 silly audit   mkdirp: [ '0.5.6' ],
316 silly audit   minimatch: [ '3.1.2' ],
316 silly audit   'brace-expansion': [ '1.1.11' ],
316 silly audit   'balanced-match': [ '1.0.2' ],
316 silly audit   'concat-map': [ '0.0.1' ],
316 silly audit   minimist: [ '1.2.8' ],
316 silly audit   wrappy: [ '1.0.2' ],
316 silly audit   glob: [ '7.2.3' ],
316 silly audit   'fs.realpath': [ '1.0.0' ],
316 silly audit   inflight: [ '1.0.6' ],
316 silly audit   'path-is-absolute': [ '1.0.1' ],
316 silly audit   'block-stream': [ '0.0.9' ],
316 silly audit   xtend: [ '4.0.2' ],
316 silly audit   builtins: [ '1.0.3' ],
316 silly audit   isexe: [ '2.0.0' ],
316 silly audit   'process-nextick-args': [ '2.0.1' ],
316 silly audit   'safe-buffer': [ '5.1.2' ],
316 silly audit   'util-deprecate': [ '1.0.2' ]
316 silly audit }
317 silly tarball no local data for builtins@https://registry.npmjs.org/builtins/-/builtins-1.0.3.tgz. Extracting by manifest.
318 silly tarball no local data for block-stream@https://registry.npmjs.org/block-stream/-/block-stream-0.0.9.tgz. Extracting by manifest.
319 silly tarball no local data for minimist@https://registry.npmjs.org/minimist/-/minimist-1.2.8.tgz. Extracting by manifest.
320 silly tarball no local data for uid-number@https://registry.npmjs.org/uid-number/-/uid-number-0.0.6.tgz. Extracting by manifest.
321 silly tarball no local data for tar@https://registry.npmjs.org/tar/-/tar-2.2.2.tgz. Extracting by manifest.
322 silly tarball no local data for fstream-ignore@https://registry.npmjs.org/fstream-ignore/-/fstream-ignore-1.0.5.tgz. Extracting by manifest.
323 silly tarball no local data for fstream@https://registry.npmjs.org/fstream/-/fstream-1.0.12.tgz. Extracting by manifest.
324 silly tarball no local data for string_decoder@https://registry.npmjs.org/string_decoder/-/string_decoder-0.10.31.tgz. Extracting by manifest.
325 silly tarball no local data for isarray@https://registry.npmjs.org/isarray/-/isarray-0.0.1.tgz. Extracting by manifest.
326 silly tarball no local data for readable-stream@https://registry.npmjs.org/readable-stream/-/readable-stream-1.1.14.tgz. Extracting by manifest.
327 silly tarball no local data for through2@https://registry.npmjs.org/through2/-/through2-0.6.5.tgz. Extracting by manifest.
328 silly tarball no local data for duplexer2@https://registry.npmjs.org/duplexer2/-/duplexer2-0.0.2.tgz. Extracting by manifest.
329 silly tarball no local data for buffer-from@https://registry.npmjs.org/buffer-from/-/buffer-from-0.1.2.tgz. Extracting by manifest.
330 silly tarball no local data for validate-npm-package-name@https://registry.npmjs.org/validate-npm-package-name/-/validate-npm-package-name-3.0.0.tgz. Extracting by manifest.
331 silly tarball no local data for tmp@https://registry.npmjs.org/tmp/-/tmp-0.2.1.tgz. Extracting by manifest.
332 silly tarball no local data for tar-pack@https://registry.npmjs.org/tar-pack/-/tar-pack-3.4.1.tgz. Extracting by manifest.
333 silly tarball no local data for hyperquest@https://registry.npmjs.org/hyperquest/-/hyperquest-2.1.3.tgz. Extracting by manifest.
334 silly tarball no local data for envinfo@https://registry.npmjs.org/envinfo/-/envinfo-7.8.1.tgz. Extracting by manifest.
335 silly tarball no local data for create-react-app@https://registry.npmjs.org/create-react-app/-/create-react-app-5.0.1.tgz. Extracting by manifest.
336 silly tarball no local data for readable-stream@https://registry.npmjs.org/readable-stream/-/readable-stream-1.0.34.tgz. Extracting by manifest.
337 silly tarball no local data for readable-stream@https://registry.npmjs.org/readable-stream/-/readable-stream-2.3.8.tgz. Extracting by manifest.
338 http fetch POST 200 https://registry.npmjs.org/-/npm/v1/security/advisories/bulk 270ms
339 timing auditReport:getReport Completed in 274ms
340 silly audit report {
340 silly audit report   tar: [
340 silly audit report     {
340 silly audit report       id: 1089663,
340 silly audit report       url: 'https://github.com/advisories/GHSA-5955-9wpr-37jh',
340 silly audit report       title: 'Arbitrary File Creation/Overwrite on Windows via insufficient relative path sanitization',
340 silly audit report       severity: 'high',
340 silly audit report       vulnerable_versions: '<4.4.18',
340 silly audit report       cwe: [Array],
340 silly audit report       cvss: [Object]
340 silly audit report     },
340 silly audit report     {
340 silly audit report       id: 1089685,
340 silly audit report       url: 'https://github.com/advisories/GHSA-3jfq-g458-7qm9',
340 silly audit report       title: 'Arbitrary File Creation/Overwrite due to insufficient absolute path sanitization',
340 silly audit report       severity: 'high',
340 silly audit report       vulnerable_versions: '<3.2.2',
340 silly audit report       cwe: [Array],
340 silly audit report       cvss: [Object]
340 silly audit report     },
340 silly audit report     {
340 silly audit report       id: 1088782,
340 silly audit report       url: 'https://github.com/advisories/GHSA-r628-mhmh-qjhw',
340 silly audit report       title: 'Arbitrary File Creation/Overwrite via insufficient symlink protection due to directory cache poisoning',
340 silly audit report       severity: 'high',
340 silly audit report       vulnerable_versions: '<3.2.3',
340 silly audit report       cwe: [Array],
340 silly audit report       cvss: [Object]
340 silly audit report     },
340 silly audit report     {
340 silly audit report       id: 1089138,
340 silly audit report       url: 'https://github.com/advisories/GHSA-qq89-hq3f-393p',
340 silly audit report       title: 'Arbitrary File Creation/Overwrite via insufficient symlink protection due to directory cache poisoning using symbolic links',
340 silly audit report       severity: 'high',
340 silly audit report       vulnerable_versions: '<4.4.18',
340 silly audit report       cwe: [Array],
340 silly audit report       cvss: [Object]
340 silly audit report     },
340 silly audit report     {
340 silly audit report       id: 1089141,
340 silly audit report       url: 'https://github.com/advisories/GHSA-9r2w-394v-53qc',
340 silly audit report       title: 'Arbitrary File Creation/Overwrite via insufficient symlink protection due to directory cache poisoning using symbolic links',
340 silly audit report       severity: 'high',
340 silly audit report       vulnerable_versions: '<4.4.16',
340 silly audit report       cwe: [Array],
340 silly audit report       cvss: [Object]
340 silly audit report     }
340 silly audit report   ]
340 silly audit report }
341 timing metavuln:packument:tar Completed in 1ms
342 timing metavuln:cache:get:security-advisory:tar:RibLZtnhLLjYiS5hxQI8DT9Vo1bTzW3M3HZ2aGQn7qyjErvD/0AN2FB9hDNnckfYPQvObr3iiufVRSPIzrQ5og== Completed in 27ms
343 timing metavuln:load:security-advisory:tar:1089663 Completed in 5ms
344 timing metavuln:cache:get:security-advisory:tar:Oa066nJpV2ox85F6qnk1N5eWmAmoWAMU7byYhWk4oYfHYrQ8aGHfCKRikfcy0dHDcKWKiPRc7Nz7R9fxKkj0Yw== Completed in 34ms
345 timing metavuln:load:security-advisory:tar:1089685 Completed in 16ms
346 timing metavuln:cache:get:security-advisory:tar:UQ0x0zTyGFx+qqxrFI6gsIuo0mX2xFL4syIrH7TFDa9r0L8SiBylqiI4HcJ8LZbxRYkZf3qqMMMqd16M9y+uhg== Completed in 55ms
347 timing metavuln:load:security-advisory:tar:1088782 Completed in 2ms
348 timing metavuln:cache:get:security-advisory:tar:Y5X7z0ak6PyHlkI3iXvnPpFnQdVDw8XuGAeHWF6K5mtXlK3noIG3FcFbsSKfyXFtaSQHOlV2Lf0M+oFoanFWvw== Completed in 56ms
349 timing metavuln:load:security-advisory:tar:1089138 Completed in 11ms
350 timing metavuln:cache:get:security-advisory:tar:EjVKBkw+Jp0A/iP0F+ZCXD19nRwyxuHwWo7umvz9JVmpKKm28CLff5JO45q5FkKVDo7P746FBgZZHOu55WvuEw== Completed in 67ms
351 timing metavuln:load:security-advisory:tar:1089141 Completed in 2ms
352 timing reifyNode:node_modules/process-nextick-args Completed in 538ms
353 timing reifyNode:node_modules/path-is-absolute Completed in 540ms
354 timing reifyNode:node_modules/inflight Completed in 540ms
355 timing reifyNode:node_modules/wrappy Completed in 539ms
356 timing reifyNode:node_modules/brace-expansion Completed in 540ms
357 timing reifyNode:node_modules/ms Completed in 541ms
358 timing reifyNode:node_modules/once Completed in 542ms
359 timing reifyNode:node_modules/universalify Completed in 542ms
360 timing reifyNode:node_modules/shebang-command Completed in 543ms
361 timing reifyNode:node_modules/color-name Completed in 543ms
362 timing reifyNode:node_modules/has-flag Completed in 558ms
363 timing reifyNode:node_modules/shebang-regex Completed in 558ms
364 timing reifyNode:node_modules/core-util-is Completed in 557ms
365 timing reifyNode:node_modules/inherits Completed in 557ms
366 timing reifyNode:node_modules/lru-cache Completed in 558ms
367 timing reifyNode:node_modules/kleur Completed in 557ms
368 timing reifyNode:node_modules/path-key Completed in 558ms
369 timing reifyNode:node_modules/supports-color Completed in 558ms
370 timing reifyNode:node_modules/util-deprecate Completed in 569ms
371 timing reifyNode:node_modules/fs.realpath Completed in 567ms
372 timing reifyNode:node_modules/balanced-match Completed in 568ms
373 timing reifyNode:node_modules/rimraf Completed in 568ms
374 timing reifyNode:node_modules/yallist Completed in 568ms
375 timing reifyNode:node_modules/sisteransi Completed in 567ms
376 timing reifyNode:node_modules/ansi-styles Completed in 568ms
377 timing reifyNode:node_modules/safe-buffer Completed in 576ms
378 timing reifyNode:node_modules/xtend Completed in 576ms
379 timing reifyNode:node_modules/mkdirp Completed in 576ms
380 timing reifyNode:node_modules/minimatch Completed in 576ms
381 timing reifyNode:node_modules/which Completed in 576ms
382 timing reifyNode:node_modules/tar-pack/node_modules/string_decoder Completed in 580ms
383 timing reifyNode:node_modules/jsonfile Completed in 581ms
384 timing reifyNode:node_modules/graceful-fs Completed in 581ms
385 timing reifyNode:node_modules/tmp/node_modules/rimraf Completed in 588ms
386 timing reifyNode:node_modules/tar-pack/node_modules/isarray Completed in 587ms
387 timing reifyNode:node_modules/concat-map Completed in 589ms
388 timing reifyNode:node_modules/color-convert Completed in 588ms
389 timing reifyNode:node_modules/isexe Completed in 595ms
390 timing reifyNode:node_modules/glob Completed in 599ms
391 timing reifyNode:node_modules/chalk Completed in 598ms
392 timing reifyNode:node_modules/cross-spawn Completed in 628ms
393 http fetch GET 200 https://registry.npmjs.org/builtins/-/builtins-1.0.3.tgz 538ms (cache miss)
394 timing reifyNode:node_modules/builtins Completed in 635ms
395 http fetch GET 200 https://registry.npmjs.org/block-stream/-/block-stream-0.0.9.tgz 536ms (cache miss)
396 timing reifyNode:node_modules/block-stream Completed in 635ms
397 timing reifyNode:node_modules/commander Completed in 657ms
398 http fetch GET 200 https://registry.npmjs.org/buffer-from/-/buffer-from-0.1.2.tgz 539ms (cache miss)
399 timing reifyNode:node_modules/buffer-from Completed in 659ms
400 timing metavuln:cache:put:security-advisory:tar:RibLZtnhLLjYiS5hxQI8DT9Vo1bTzW3M3HZ2aGQn7qyjErvD/0AN2FB9hDNnckfYPQvObr3iiufVRSPIzrQ5og== Completed in 354ms
401 timing metavuln:calculate:security-advisory:tar:1089663 Completed in 388ms
402 timing metavuln:cache:put:security-advisory:tar:Oa066nJpV2ox85F6qnk1N5eWmAmoWAMU7byYhWk4oYfHYrQ8aGHfCKRikfcy0dHDcKWKiPRc7Nz7R9fxKkj0Yw== Completed in 336ms
403 timing metavuln:calculate:security-advisory:tar:1089685 Completed in 387ms
404 timing metavuln:cache:put:security-advisory:tar:UQ0x0zTyGFx+qqxrFI6gsIuo0mX2xFL4syIrH7TFDa9r0L8SiBylqiI4HcJ8LZbxRYkZf3qqMMMqd16M9y+uhg== Completed in 330ms
405 timing metavuln:calculate:security-advisory:tar:1088782 Completed in 387ms
406 timing metavuln:cache:put:security-advisory:tar:Y5X7z0ak6PyHlkI3iXvnPpFnQdVDw8XuGAeHWF6K5mtXlK3noIG3FcFbsSKfyXFtaSQHOlV2Lf0M+oFoanFWvw== Completed in 319ms
407 timing metavuln:calculate:security-advisory:tar:1089138 Completed in 387ms
408 timing metavuln:cache:put:security-advisory:tar:EjVKBkw+Jp0A/iP0F+ZCXD19nRwyxuHwWo7umvz9JVmpKKm28CLff5JO45q5FkKVDo7P746FBgZZHOu55WvuEw== Completed in 317ms
409 timing metavuln:calculate:security-advisory:tar:1089141 Completed in 386ms
410 timing metavuln:packument:tar-pack Completed in 0ms
411 http fetch GET 200 https://registry.npmjs.org/uid-number/-/uid-number-0.0.6.tgz 564ms (cache miss)
412 timing reifyNode:node_modules/uid-number Completed in 668ms
413 http fetch GET 200 https://registry.npmjs.org/through2/-/through2-0.6.5.tgz 552ms (cache miss)
414 timing reifyNode:node_modules/through2 Completed in 668ms
415 http fetch GET 200 https://registry.npmjs.org/validate-npm-package-name/-/validate-npm-package-name-3.0.0.tgz 545ms (cache miss)
416 timing reifyNode:node_modules/validate-npm-package-name Completed in 668ms
417 http fetch GET 200 https://registry.npmjs.org/fstream-ignore/-/fstream-ignore-1.0.5.tgz 564ms (cache miss)
418 timing reifyNode:node_modules/fstream-ignore Completed in 670ms
419 http fetch GET 200 https://registry.npmjs.org/create-react-app/-/create-react-app-5.0.1.tgz 537ms (cache miss)
420 timing reifyNode:node_modules/create-react-app Completed in 668ms
421 http fetch GET 200 https://registry.npmjs.org/hyperquest/-/hyperquest-2.1.3.tgz 542ms (cache miss)
422 timing metavuln:cache:get:security-advisory:tar-pack:P+Qny0HSnG2vc0wNVjQpqCVs2oUSJTdfn3QRw6Z7zbfmuHivDHBCiae0PYWARJC0EXji9ZYbb843mJk2B08Aow== Completed in 7ms
423 timing metavuln:load:security-advisory:tar-pack:RibLZtnhLLjYiS5hxQI8DT9Vo1bTzW3M3HZ2aGQn7qyjErvD/0AN2FB9hDNnckfYPQvObr3iiufVRSPIzrQ5og== Completed in 3ms
424 http fetch GET 200 https://registry.npmjs.org/string_decoder/-/string_decoder-0.10.31.tgz 566ms (cache miss)
425 timing reifyNode:node_modules/string_decoder Completed in 678ms
426 http fetch GET 200 https://registry.npmjs.org/isarray/-/isarray-0.0.1.tgz 565ms (cache miss)
427 timing reifyNode:node_modules/isarray Completed in 677ms
428 http fetch GET 200 https://registry.npmjs.org/duplexer2/-/duplexer2-0.0.2.tgz 559ms (cache miss)
429 timing reifyNode:node_modules/duplexer2 Completed in 678ms
430 http fetch GET 200 https://registry.npmjs.org/tar-pack/-/tar-pack-3.4.1.tgz 572ms (cache miss)
431 timing reifyNode:node_modules/debug Completed in 699ms
432 timing reifyNode:node_modules/tar-pack Completed in 716ms
433 http fetch GET 200 https://registry.npmjs.org/tmp/-/tmp-0.2.1.tgz 595ms (cache miss)
434 timing reifyNode:node_modules/tmp Completed in 719ms
435 timing reifyNode:node_modules/hyperquest Completed in 726ms
436 timing metavuln:cache:put:security-advisory:tar-pack:P+Qny0HSnG2vc0wNVjQpqCVs2oUSJTdfn3QRw6Z7zbfmuHivDHBCiae0PYWARJC0EXji9ZYbb843mJk2B08Aow== Completed in 65ms
437 timing metavuln:calculate:security-advisory:tar-pack:RibLZtnhLLjYiS5hxQI8DT9Vo1bTzW3M3HZ2aGQn7qyjErvD/0AN2FB9hDNnckfYPQvObr3iiufVRSPIzrQ5og== Completed in 77ms
438 timing metavuln:packument:create-react-app Completed in 0ms
439 timing metavuln:cache:get:security-advisory:create-react-app:nfYIs4TFnCpL693oGAiQ3VV6XwkkIM0vloL1/BPM3l0rYt3zVH+/sfqEJmAF/QSHWmpZl3ctsKbQQOmSj3iPUQ== Completed in 2ms
440 timing metavuln:load:security-advisory:create-react-app:P+Qny0HSnG2vc0wNVjQpqCVs2oUSJTdfn3QRw6Z7zbfmuHivDHBCiae0PYWARJC0EXji9ZYbb843mJk2B08Aow== Completed in 5ms
441 http fetch GET 200 https://registry.npmjs.org/readable-stream/-/readable-stream-1.0.34.tgz 626ms (cache miss)
442 timing reifyNode:node_modules/through2/node_modules/readable-stream Completed in 760ms
443 http fetch GET 200 https://registry.npmjs.org/readable-stream/-/readable-stream-1.1.14.tgz 656ms (cache miss)
444 timing reifyNode:node_modules/readable-stream Completed in 770ms
445 http fetch GET 200 https://registry.npmjs.org/minimist/-/minimist-1.2.8.tgz 673ms (cache miss)
446 timing reifyNode:node_modules/minimist Completed in 773ms
447 http fetch GET 200 https://registry.npmjs.org/envinfo/-/envinfo-7.8.1.tgz 646ms (cache miss)
448 timing reifyNode:node_modules/envinfo Completed in 775ms
449 timing metavuln:cache:put:security-advisory:create-react-app:nfYIs4TFnCpL693oGAiQ3VV6XwkkIM0vloL1/BPM3l0rYt3zVH+/sfqEJmAF/QSHWmpZl3ctsKbQQOmSj3iPUQ== Completed in 36ms
450 timing metavuln:calculate:security-advisory:create-react-app:P+Qny0HSnG2vc0wNVjQpqCVs2oUSJTdfn3QRw6Z7zbfmuHivDHBCiae0PYWARJC0EXji9ZYbb843mJk2B08Aow== Completed in 44ms
451 timing auditReport:init Completed in 530ms
452 timing reify:audit Completed in 817ms
453 http fetch GET 200 https://registry.npmjs.org/fstream/-/fstream-1.0.12.tgz 703ms (cache miss)
454 timing reifyNode:node_modules/fstream Completed in 810ms
455 timing reifyNode:node_modules/fs-extra Completed in 814ms
456 timing reifyNode:node_modules/semver Completed in 815ms
457 http fetch GET 200 https://registry.npmjs.org/readable-stream/-/readable-stream-2.3.8.tgz 681ms (cache miss)
458 timing reifyNode:node_modules/tar-pack/node_modules/readable-stream Completed in 816ms
459 timing reifyNode:node_modules/prompts Completed in 846ms
460 http fetch GET 200 https://registry.npmjs.org/tar/-/tar-2.2.2.tgz 777ms (cache miss)
461 warn deprecated tar@2.2.2: This version of tar is no longer supported, and will not receive security updates. Please upgrade asap.
462 timing reifyNode:node_modules/tar Completed in 883ms
463 timing reify:unpack Completed in 885ms
464 timing reify:unretire Completed in 0ms
465 timing build:queue Completed in 3ms
466 timing build:link:node_modules/create-react-app Completed in 6ms
467 timing build:link:node_modules/tmp/node_modules/rimraf Completed in 5ms
468 timing build:link:node_modules/envinfo Completed in 5ms
469 timing build:link:node_modules/mkdirp Completed in 5ms
470 timing build:link:node_modules/rimraf Completed in 5ms
471 timing build:link:node_modules/semver Completed in 5ms
472 timing build:link:node_modules/which Completed in 5ms
473 timing build:link Completed in 7ms
474 timing build:deps Completed in 10ms
475 timing build Completed in 11ms
476 timing reify:build Completed in 11ms
477 timing reify:trash Completed in 0ms
478 timing reify:save Completed in 22ms
479 timing reify Completed in 2316ms
480 timing command:exec Completed in 69147ms
481 verbose exit 0
482 timing npm Completed in 69301ms
483 info ok
