0 verbose cli /usr/bin/node /usr/bin/npm
1 info using npm@8.19.2
2 info using node@v16.18.1
3 timing npm:load:whichnode Completed in 1ms
4 timing config:load:defaults Completed in 2ms
5 timing config:load:file:/usr/lib/node_modules/npm/npmrc Completed in 1ms
6 timing config:load:builtin Completed in 4ms
7 timing config:load:cli Completed in 3ms
8 timing config:load:env Completed in 0ms
9 timing config:load:project Completed in 2ms
10 timing config:load:file:/root/.npmrc Completed in 0ms
11 timing config:load:user Completed in 0ms
12 timing config:load:file:/usr/etc/npmrc Completed in 3ms
13 timing config:load:global Completed in 3ms
14 timing config:load:validate Completed in 0ms
15 timing config:load:credentials Completed in 1ms
16 timing config:load:setEnvs Completed in 1ms
17 timing config:load Completed in 17ms
18 timing npm:load:configload Completed in 17ms
19 timing npm:load:mkdirpcache Completed in 1ms
20 timing npm:load:mkdirplogs Completed in 0ms
21 verbose title npm install serve
22 verbose argv "install" "--global" "serve"
23 timing npm:load:setTitle Completed in 2ms
24 timing config:load:flatten Completed in 3ms
25 timing npm:load:display Completed in 5ms
26 verbose logfile logs-max:10 dir:/root/.npm/_logs
27 verbose logfile /root/.npm/_logs/2023-02-03T06_54_36_957Z-debug-0.log
28 timing npm:load:logFile Completed in 7ms
29 timing npm:load:timers Completed in 0ms
30 timing npm:load:configScope Completed in 0ms
31 timing npm:load Completed in 33ms
32 timing arborist:ctor Completed in 1ms
33 silly logfile done cleaning log files
34 timing idealTree:init Completed in 8ms
35 timing idealTree:userRequests Completed in 3ms
36 silly idealTree buildDeps
37 silly fetch manifest serve@*
38 http fetch GET 200 https://registry.npmjs.org/serve 133ms (cache miss)
39 silly placeDep ROOT serve@14.2.0 OK for:  want: *
40 silly fetch manifest @zeit/schemas@2.29.0
41 silly fetch manifest ajv@8.11.0
42 silly fetch manifest arg@5.0.2
43 silly fetch manifest boxen@7.0.0
44 silly fetch manifest chalk@5.0.1
45 silly fetch manifest chalk-template@0.4.0
46 silly fetch manifest clipboardy@3.0.0
47 silly fetch manifest compression@1.7.4
48 silly fetch manifest is-port-reachable@4.0.0
49 silly fetch manifest serve-handler@6.1.5
50 silly fetch manifest update-check@1.5.4
51 http fetch GET 200 https://registry.npmjs.org/ajv 49ms (cache hit)
52 http fetch GET 200 https://registry.npmjs.org/chalk 115ms (cache hit)
53 http fetch GET 200 https://registry.npmjs.org/arg 121ms (cache hit)
54 http fetch GET 200 https://registry.npmjs.org/compression 118ms (cache hit)
55 http fetch GET 200 https://registry.npmjs.org/is-port-reachable 118ms (cache miss)
56 http fetch GET 200 https://registry.npmjs.org/chalk-template 122ms (cache miss)
57 http fetch GET 200 https://registry.npmjs.org/update-check 120ms (cache miss)
58 http fetch GET 200 https://registry.npmjs.org/@zeit%2fschemas 131ms (cache miss)
59 http fetch GET 200 https://registry.npmjs.org/clipboardy 124ms (cache miss)
60 http fetch GET 200 https://registry.npmjs.org/boxen 132ms (cache miss)
61 http fetch GET 200 https://registry.npmjs.org/serve-handler 128ms (cache miss)
62 timing idealTree:#root Completed in 290ms
63 silly placeDep node_modules/serve @zeit/schemas@2.29.0 OK for: serve@14.2.0 want: 2.29.0
64 silly placeDep node_modules/serve ajv@8.11.0 OK for: serve@14.2.0 want: 8.11.0
65 silly placeDep node_modules/serve arg@5.0.2 OK for: serve@14.2.0 want: 5.0.2
66 silly placeDep node_modules/serve boxen@7.0.0 OK for: serve@14.2.0 want: 7.0.0
67 silly placeDep node_modules/serve chalk@5.0.1 OK for: serve@14.2.0 want: 5.0.1
68 silly placeDep node_modules/serve chalk-template@0.4.0 OK for: serve@14.2.0 want: 0.4.0
69 silly placeDep node_modules/serve clipboardy@3.0.0 OK for: serve@14.2.0 want: 3.0.0
70 silly placeDep node_modules/serve compression@1.7.4 OK for: serve@14.2.0 want: 1.7.4
71 silly placeDep node_modules/serve is-port-reachable@4.0.0 OK for: serve@14.2.0 want: 4.0.0
72 silly placeDep node_modules/serve serve-handler@6.1.5 OK for: serve@14.2.0 want: 6.1.5
73 silly placeDep node_modules/serve update-check@1.5.4 OK for: serve@14.2.0 want: 1.5.4
74 silly fetch manifest fast-deep-equal@^3.1.1
75 silly fetch manifest json-schema-traverse@^1.0.0
76 silly fetch manifest require-from-string@^2.0.2
77 silly fetch manifest uri-js@^4.2.2
78 silly fetch manifest ansi-align@^3.0.1
79 silly fetch manifest camelcase@^7.0.0
80 silly fetch manifest cli-boxes@^3.0.0
81 silly fetch manifest string-width@^5.1.2
82 silly fetch manifest type-fest@^2.13.0
83 silly fetch manifest widest-line@^4.0.1
84 silly fetch manifest wrap-ansi@^8.0.1
85 silly fetch manifest chalk@^4.1.2
86 silly fetch manifest arch@^2.2.0
87 silly fetch manifest execa@^5.1.1
88 silly fetch manifest is-wsl@^2.2.0
89 silly fetch manifest accepts@~1.3.5
90 silly fetch manifest bytes@3.0.0
91 silly fetch manifest compressible@~2.0.16
92 silly fetch manifest debug@2.6.9
93 silly fetch manifest on-headers@~1.0.2
94 silly fetch manifest safe-buffer@5.1.2
95 silly fetch manifest vary@~1.1.2
96 silly fetch manifest content-disposition@0.5.2
97 silly fetch manifest fast-url-parser@1.1.3
98 silly fetch manifest mime-types@2.1.18
99 silly fetch manifest minimatch@3.1.2
100 silly fetch manifest path-is-inside@1.0.2
101 silly fetch manifest path-to-regexp@2.2.1
102 silly fetch manifest range-parser@1.2.0
103 silly fetch manifest registry-auth-token@3.3.2
104 silly fetch manifest registry-url@3.1.0
105 http fetch GET 200 https://registry.npmjs.org/fast-deep-equal 154ms (cache hit)
106 http fetch GET 200 https://registry.npmjs.org/execa 147ms (cache hit)
107 http fetch GET 200 https://registry.npmjs.org/is-wsl 146ms (cache hit)
108 http fetch GET 200 https://registry.npmjs.org/accepts 146ms (cache hit)
109 http fetch GET 200 https://registry.npmjs.org/bytes 147ms (cache hit)
110 http fetch GET 200 https://registry.npmjs.org/compressible 146ms (cache hit)
111 http fetch GET 200 https://registry.npmjs.org/debug 146ms (cache hit)
112 http fetch GET 200 https://registry.npmjs.org/on-headers 148ms (cache hit)
113 http fetch GET 200 https://registry.npmjs.org/safe-buffer 147ms (cache hit)
114 http fetch GET 200 https://registry.npmjs.org/vary 147ms (cache hit)
115 http fetch GET 200 https://registry.npmjs.org/wrap-ansi 161ms (cache hit)
116 http fetch GET 200 https://registry.npmjs.org/string-width 164ms (cache hit)
117 http fetch GET 200 https://registry.npmjs.org/require-from-string 167ms (cache hit)
118 http fetch GET 200 https://registry.npmjs.org/content-disposition 152ms (cache hit)
119 http fetch GET 200 https://registry.npmjs.org/path-is-inside 145ms (cache hit)
120 http fetch GET 200 https://registry.npmjs.org/mime-types 149ms (cache hit)
121 http fetch GET 200 https://registry.npmjs.org/minimatch 147ms (cache hit)
122 http fetch GET 200 https://registry.npmjs.org/path-to-regexp 155ms (cache hit)
123 http fetch GET 200 https://registry.npmjs.org/range-parser 156ms (cache hit)
124 http fetch GET 200 https://registry.npmjs.org/json-schema-traverse 183ms (cache hit)
125 http fetch GET 200 https://registry.npmjs.org/uri-js 182ms (cache hit)
126 http fetch GET 200 https://registry.npmjs.org/cli-boxes 182ms (cache miss)
127 http fetch GET 200 https://registry.npmjs.org/ansi-align 195ms (cache miss)
128 http fetch GET 200 https://registry.npmjs.org/type-fest 198ms (cache revalidated)
129 http fetch GET 200 https://registry.npmjs.org/camelcase 202ms (cache revalidated)
130 http fetch GET 200 https://registry.npmjs.org/widest-line 201ms (cache miss)
131 http fetch GET 200 https://registry.npmjs.org/fast-url-parser 189ms (cache miss)
132 http fetch GET 200 https://registry.npmjs.org/arch 200ms (cache miss)
133 http fetch GET 200 https://registry.npmjs.org/registry-url 180ms (cache miss)
134 http fetch GET 200 https://registry.npmjs.org/registry-auth-token 181ms (cache miss)
135 timing idealTree:node_modules/serve Completed in 245ms
136 timing idealTree:node_modules/serve/node_modules/@zeit/schemas Completed in 0ms
137 silly placeDep node_modules/serve fast-deep-equal@3.1.3 OK for: ajv@8.11.0 want: ^3.1.1
138 silly placeDep node_modules/serve json-schema-traverse@1.0.0 OK for: ajv@8.11.0 want: ^1.0.0
139 silly placeDep node_modules/serve require-from-string@2.0.2 OK for: ajv@8.11.0 want: ^2.0.2
140 silly placeDep node_modules/serve uri-js@4.4.1 OK for: ajv@8.11.0 want: ^4.2.2
141 silly fetch manifest punycode@^2.1.0
142 http fetch GET 200 https://registry.npmjs.org/punycode 4ms (cache hit)
143 timing idealTree:node_modules/serve/node_modules/ajv Completed in 11ms
144 timing idealTree:node_modules/serve/node_modules/arg Completed in 0ms
145 silly placeDep node_modules/serve ansi-align@3.0.1 OK for: boxen@7.0.0 want: ^3.0.1
146 silly placeDep node_modules/serve camelcase@7.0.1 OK for: boxen@7.0.0 want: ^7.0.0
147 silly placeDep node_modules/serve cli-boxes@3.0.0 OK for: boxen@7.0.0 want: ^3.0.0
148 silly placeDep node_modules/serve string-width@5.1.2 OK for: boxen@7.0.0 want: ^5.1.2
149 silly placeDep node_modules/serve type-fest@2.19.0 OK for: boxen@7.0.0 want: ^2.13.0
150 silly placeDep node_modules/serve widest-line@4.0.1 OK for: boxen@7.0.0 want: ^4.0.1
151 silly placeDep node_modules/serve wrap-ansi@8.1.0 OK for: boxen@7.0.0 want: ^8.0.1
152 silly fetch manifest string-width@^4.1.0
153 silly fetch manifest eastasianwidth@^0.2.0
154 silly fetch manifest emoji-regex@^9.2.2
155 silly fetch manifest strip-ansi@^7.0.1
156 silly fetch manifest ansi-styles@^6.1.0
157 http fetch GET 200 https://registry.npmjs.org/strip-ansi 12ms (cache hit)
158 http fetch GET 200 https://registry.npmjs.org/emoji-regex 12ms (cache hit)
159 http fetch GET 200 https://registry.npmjs.org/ansi-styles 11ms (cache hit)
160 http fetch GET 200 https://registry.npmjs.org/eastasianwidth 23ms (cache miss)
161 timing idealTree:node_modules/serve/node_modules/boxen Completed in 32ms
162 silly placeDep node_modules/serve/node_modules/ansi-align string-width@4.2.3 OK for: ansi-align@3.0.1 want: ^4.1.0
163 silly fetch manifest emoji-regex@^8.0.0
164 silly fetch manifest is-fullwidth-code-point@^3.0.0
165 silly fetch manifest strip-ansi@^6.0.1
166 http fetch GET 200 https://registry.npmjs.org/is-fullwidth-code-point 4ms (cache hit)
167 timing idealTree:node_modules/serve/node_modules/ansi-align Completed in 9ms
168 timing idealTree:node_modules/serve/node_modules/camelcase Completed in 0ms
169 timing idealTree:node_modules/serve/node_modules/chalk Completed in 0ms
170 silly placeDep node_modules/serve/node_modules/chalk-template chalk@4.1.2 OK for: chalk-template@0.4.0 want: ^4.1.2
171 silly fetch manifest ansi-styles@^4.1.0
172 silly fetch manifest supports-color@^7.1.0
173 http fetch GET 200 https://registry.npmjs.org/supports-color 5ms (cache hit)
174 timing idealTree:node_modules/serve/node_modules/chalk-template Completed in 8ms
175 timing idealTree:node_modules/serve/node_modules/cli-boxes Completed in 0ms
176 silly placeDep node_modules/serve arch@2.2.0 OK for: clipboardy@3.0.0 want: ^2.2.0
177 silly placeDep node_modules/serve execa@5.1.1 OK for: clipboardy@3.0.0 want: ^5.1.1
178 silly placeDep node_modules/serve is-wsl@2.2.0 OK for: clipboardy@3.0.0 want: ^2.2.0
179 silly fetch manifest cross-spawn@^7.0.3
180 silly fetch manifest get-stream@^6.0.0
181 silly fetch manifest human-signals@^2.1.0
182 silly fetch manifest is-stream@^2.0.0
183 silly fetch manifest merge-stream@^2.0.0
184 silly fetch manifest npm-run-path@^4.0.1
185 silly fetch manifest onetime@^5.1.2
186 silly fetch manifest signal-exit@^3.0.3
187 silly fetch manifest strip-final-newline@^2.0.0
188 silly fetch manifest is-docker@^2.0.0
189 http fetch GET 200 https://registry.npmjs.org/cross-spawn 33ms (cache hit)
190 http fetch GET 200 https://registry.npmjs.org/get-stream 33ms (cache hit)
191 http fetch GET 200 https://registry.npmjs.org/signal-exit 30ms (cache hit)
192 http fetch GET 200 https://registry.npmjs.org/merge-stream 33ms (cache hit)
193 http fetch GET 200 https://registry.npmjs.org/is-stream 33ms (cache hit)
194 http fetch GET 200 https://registry.npmjs.org/human-signals 35ms (cache hit)
195 http fetch GET 200 https://registry.npmjs.org/npm-run-path 34ms (cache hit)
196 http fetch GET 200 https://registry.npmjs.org/strip-final-newline 32ms (cache hit)
197 http fetch GET 200 https://registry.npmjs.org/onetime 33ms (cache hit)
198 http fetch GET 200 https://registry.npmjs.org/is-docker 33ms (cache hit)
199 timing idealTree:node_modules/serve/node_modules/clipboardy Completed in 44ms
200 timing idealTree:node_modules/serve/node_modules/arch Completed in 0ms
201 silly placeDep node_modules/serve accepts@1.3.8 OK for: compression@1.7.4 want: ~1.3.5
202 silly placeDep node_modules/serve bytes@3.0.0 OK for: compression@1.7.4 want: 3.0.0
203 silly placeDep node_modules/serve compressible@2.0.18 OK for: compression@1.7.4 want: ~2.0.16
204 silly placeDep node_modules/serve debug@2.6.9 OK for: compression@1.7.4 want: 2.6.9
205 silly placeDep node_modules/serve on-headers@1.0.2 OK for: compression@1.7.4 want: ~1.0.2
206 silly placeDep node_modules/serve safe-buffer@5.1.2 OK for: compression@1.7.4 want: 5.1.2
207 silly placeDep node_modules/serve vary@1.1.2 OK for: compression@1.7.4 want: ~1.1.2
208 silly fetch manifest mime-types@~2.1.34
209 silly fetch manifest negotiator@0.6.3
210 silly fetch manifest mime-db@>= 1.43.0 < 2
211 silly fetch manifest ms@2.0.0
212 http fetch GET 200 https://registry.npmjs.org/negotiator 42ms (cache hit)
213 http fetch GET 200 https://registry.npmjs.org/ms 38ms (cache hit)
214 http fetch GET 200 https://registry.npmjs.org/mime-db 43ms (cache hit)
215 timing idealTree:node_modules/serve/node_modules/compression Completed in 76ms
216 silly placeDep node_modules/serve mime-types@2.1.35 OK for: accepts@1.3.8 want: ~2.1.34
217 silly placeDep node_modules/serve negotiator@0.6.3 OK for: accepts@1.3.8 want: 0.6.3
218 silly fetch manifest mime-db@1.52.0
219 timing idealTree:node_modules/serve/node_modules/accepts Completed in 2ms
220 timing idealTree:node_modules/serve/node_modules/bytes Completed in 0ms
221 silly placeDep node_modules/serve mime-db@1.52.0 OK for: compressible@2.0.18 want: >= 1.43.0 < 2
222 timing idealTree:node_modules/serve/node_modules/compressible Completed in 2ms
223 silly placeDep node_modules/serve ms@2.0.0 OK for: debug@2.6.9 want: 2.0.0
224 timing idealTree:node_modules/serve/node_modules/debug Completed in 1ms
225 silly placeDep node_modules/serve cross-spawn@7.0.3 OK for: execa@5.1.1 want: ^7.0.3
226 silly placeDep node_modules/serve get-stream@6.0.1 OK for: execa@5.1.1 want: ^6.0.0
227 silly placeDep node_modules/serve human-signals@2.1.0 OK for: execa@5.1.1 want: ^2.1.0
228 silly placeDep node_modules/serve is-stream@2.0.1 OK for: execa@5.1.1 want: ^2.0.0
229 silly placeDep node_modules/serve merge-stream@2.0.0 OK for: execa@5.1.1 want: ^2.0.0
230 silly placeDep node_modules/serve npm-run-path@4.0.1 OK for: execa@5.1.1 want: ^4.0.1
231 silly placeDep node_modules/serve onetime@5.1.2 OK for: execa@5.1.1 want: ^5.1.2
232 silly placeDep node_modules/serve signal-exit@3.0.7 OK for: execa@5.1.1 want: ^3.0.3
233 silly placeDep node_modules/serve strip-final-newline@2.0.0 OK for: execa@5.1.1 want: ^2.0.0
234 silly fetch manifest path-key@^3.1.0
235 silly fetch manifest shebang-command@^2.0.0
236 silly fetch manifest which@^2.0.1
237 silly fetch manifest path-key@^3.0.0
238 silly fetch manifest mimic-fn@^2.1.0
239 http fetch GET 200 https://registry.npmjs.org/path-key 17ms (cache hit)
240 http fetch GET 200 https://registry.npmjs.org/path-key 16ms (cache hit)
241 http fetch GET 200 https://registry.npmjs.org/shebang-command 18ms (cache hit)
242 http fetch GET 200 https://registry.npmjs.org/which 17ms (cache hit)
243 http fetch GET 200 https://registry.npmjs.org/mimic-fn 17ms (cache hit)
244 timing idealTree:node_modules/serve/node_modules/execa Completed in 30ms
245 silly placeDep node_modules/serve path-key@3.1.1 OK for: cross-spawn@7.0.3 want: ^3.1.0
246 silly placeDep node_modules/serve shebang-command@2.0.0 OK for: cross-spawn@7.0.3 want: ^2.0.0
247 silly placeDep node_modules/serve which@2.0.2 OK for: cross-spawn@7.0.3 want: ^2.0.1
248 silly fetch manifest shebang-regex@^3.0.0
249 silly fetch manifest isexe@^2.0.0
250 http fetch GET 200 https://registry.npmjs.org/shebang-regex 7ms (cache hit)
251 http fetch GET 200 https://registry.npmjs.org/isexe 6ms (cache hit)
252 timing idealTree:node_modules/serve/node_modules/cross-spawn Completed in 11ms
253 timing idealTree:node_modules/serve/node_modules/fast-deep-equal Completed in 0ms
254 timing idealTree:node_modules/serve/node_modules/get-stream Completed in 1ms
255 timing idealTree:node_modules/serve/node_modules/human-signals Completed in 0ms
256 timing idealTree:node_modules/serve/node_modules/is-port-reachable Completed in 0ms
257 timing idealTree:node_modules/serve/node_modules/is-stream Completed in 0ms
258 silly placeDep node_modules/serve is-docker@2.2.1 OK for: is-wsl@2.2.0 want: ^2.0.0
259 timing idealTree:node_modules/serve/node_modules/is-wsl Completed in 1ms
260 timing idealTree:node_modules/serve/node_modules/is-docker Completed in 0ms
261 timing idealTree:node_modules/serve/node_modules/json-schema-traverse Completed in 0ms
262 timing idealTree:node_modules/serve/node_modules/merge-stream Completed in 0ms
263 timing idealTree:node_modules/serve/node_modules/mime-db Completed in 0ms
264 timing idealTree:node_modules/serve/node_modules/mime-types Completed in 0ms
265 timing idealTree:node_modules/serve/node_modules/ms Completed in 0ms
266 timing idealTree:node_modules/serve/node_modules/negotiator Completed in 0ms
267 timing idealTree:node_modules/serve/node_modules/npm-run-path Completed in 0ms
268 timing idealTree:node_modules/serve/node_modules/on-headers Completed in 0ms
269 silly placeDep node_modules/serve mimic-fn@2.1.0 OK for: onetime@5.1.2 want: ^2.1.0
270 timing idealTree:node_modules/serve/node_modules/onetime Completed in 1ms
271 timing idealTree:node_modules/serve/node_modules/mimic-fn Completed in 0ms
272 timing idealTree:node_modules/serve/node_modules/path-key Completed in 0ms
273 timing idealTree:node_modules/serve/node_modules/require-from-string Completed in 0ms
274 timing idealTree:node_modules/serve/node_modules/safe-buffer Completed in 0ms
275 silly placeDep node_modules/serve content-disposition@0.5.2 OK for: serve-handler@6.1.5 want: 0.5.2
276 silly placeDep node_modules/serve fast-url-parser@1.1.3 OK for: serve-handler@6.1.5 want: 1.1.3
277 silly placeDep node_modules/serve/node_modules/serve-handler mime-types@2.1.18 OK for: serve-handler@6.1.5 want: 2.1.18
278 silly placeDep node_modules/serve minimatch@3.1.2 OK for: serve-handler@6.1.5 want: 3.1.2
279 silly placeDep node_modules/serve path-is-inside@1.0.2 OK for: serve-handler@6.1.5 want: 1.0.2
280 silly placeDep node_modules/serve path-to-regexp@2.2.1 OK for: serve-handler@6.1.5 want: 2.2.1
281 silly placeDep node_modules/serve range-parser@1.2.0 OK for: serve-handler@6.1.5 want: 1.2.0
282 silly fetch manifest punycode@^1.3.2
283 silly fetch manifest mime-db@~1.33.0
284 silly fetch manifest brace-expansion@^1.1.7
285 http fetch GET 200 https://registry.npmjs.org/brace-expansion 7ms (cache hit)
286 timing idealTree:node_modules/serve/node_modules/serve-handler Completed in 25ms
287 timing idealTree:node_modules/serve/node_modules/content-disposition Completed in 0ms
288 silly placeDep node_modules/serve punycode@1.4.1 OK for: fast-url-parser@1.1.3 want: ^1.3.2
289 timing idealTree:node_modules/serve/node_modules/fast-url-parser Completed in 1ms
290 silly placeDep node_modules/serve brace-expansion@1.1.11 OK for: minimatch@3.1.2 want: ^1.1.7
291 silly fetch manifest balanced-match@^1.0.0
292 silly fetch manifest concat-map@0.0.1
293 http fetch GET 200 https://registry.npmjs.org/balanced-match 6ms (cache hit)
294 http fetch GET 200 https://registry.npmjs.org/concat-map 7ms (cache hit)
295 timing idealTree:node_modules/serve/node_modules/minimatch Completed in 10ms
296 silly placeDep node_modules/serve balanced-match@1.0.2 OK for: brace-expansion@1.1.11 want: ^1.0.0
297 silly placeDep node_modules/serve concat-map@0.0.1 OK for: brace-expansion@1.1.11 want: 0.0.1
298 timing idealTree:node_modules/serve/node_modules/brace-expansion Completed in 2ms
299 timing idealTree:node_modules/serve/node_modules/balanced-match Completed in 0ms
300 timing idealTree:node_modules/serve/node_modules/concat-map Completed in 0ms
301 timing idealTree:node_modules/serve/node_modules/path-is-inside Completed in 0ms
302 timing idealTree:node_modules/serve/node_modules/path-to-regexp Completed in 0ms
303 timing idealTree:node_modules/serve/node_modules/punycode Completed in 0ms
304 timing idealTree:node_modules/serve/node_modules/range-parser Completed in 1ms
305 silly placeDep node_modules/serve shebang-regex@3.0.0 OK for: shebang-command@2.0.0 want: ^3.0.0
306 timing idealTree:node_modules/serve/node_modules/shebang-command Completed in 0ms
307 timing idealTree:node_modules/serve/node_modules/shebang-regex Completed in 0ms
308 timing idealTree:node_modules/serve/node_modules/signal-exit Completed in 0ms
309 silly placeDep node_modules/serve eastasianwidth@0.2.0 OK for: string-width@5.1.2 want: ^0.2.0
310 silly placeDep node_modules/serve emoji-regex@9.2.2 OK for: string-width@5.1.2 want: ^9.2.2
311 silly placeDep node_modules/serve strip-ansi@7.0.1 OK for: string-width@5.1.2 want: ^7.0.1
312 silly fetch manifest ansi-regex@^6.0.1
313 http fetch GET 200 https://registry.npmjs.org/ansi-regex 10ms (cache hit)
314 timing idealTree:node_modules/serve/node_modules/string-width Completed in 20ms
315 timing idealTree:node_modules/serve/node_modules/eastasianwidth Completed in 0ms
316 timing idealTree:node_modules/serve/node_modules/emoji-regex Completed in 0ms
317 silly placeDep node_modules/serve ansi-regex@6.0.1 OK for: strip-ansi@7.0.1 want: ^6.0.1
318 timing idealTree:node_modules/serve/node_modules/strip-ansi Completed in 1ms
319 timing idealTree:node_modules/serve/node_modules/ansi-regex Completed in 0ms
320 timing idealTree:node_modules/serve/node_modules/strip-final-newline Completed in 0ms
321 timing idealTree:node_modules/serve/node_modules/type-fest Completed in 0ms
322 silly placeDep node_modules/serve registry-auth-token@3.3.2 OK for: update-check@1.5.4 want: 3.3.2
323 silly placeDep node_modules/serve registry-url@3.1.0 OK for: update-check@1.5.4 want: 3.1.0
324 silly fetch manifest rc@^1.1.6
325 silly fetch manifest rc@^1.0.1
326 http fetch GET 200 https://registry.npmjs.org/rc 27ms (cache miss)
327 http fetch GET 200 https://registry.npmjs.org/rc 28ms (cache miss)
328 timing idealTree:node_modules/serve/node_modules/update-check Completed in 32ms
329 silly placeDep node_modules/serve rc@1.2.8 OK for: registry-auth-token@3.3.2 want: ^1.1.6
330 silly fetch manifest deep-extend@^0.6.0
331 silly fetch manifest ini@~1.3.0
332 silly fetch manifest minimist@^1.2.0
333 silly fetch manifest strip-json-comments@~2.0.1
334 http fetch GET 200 https://registry.npmjs.org/minimist 15ms (cache hit)
335 http fetch GET 200 https://registry.npmjs.org/ini 16ms (cache hit)
336 http fetch GET 200 https://registry.npmjs.org/strip-json-comments 18ms (cache hit)
337 http fetch GET 200 https://registry.npmjs.org/deep-extend 34ms (cache miss)
338 timing idealTree:node_modules/serve/node_modules/registry-auth-token Completed in 37ms
339 silly placeDep node_modules/serve deep-extend@0.6.0 OK for: rc@1.2.8 want: ^0.6.0
340 silly placeDep node_modules/serve ini@1.3.8 OK for: rc@1.2.8 want: ~1.3.0
341 silly placeDep node_modules/serve minimist@1.2.7 OK for: rc@1.2.8 want: ^1.2.0
342 silly placeDep node_modules/serve strip-json-comments@2.0.1 OK for: rc@1.2.8 want: ~2.0.1
343 timing idealTree:node_modules/serve/node_modules/rc Completed in 3ms
344 timing idealTree:node_modules/serve/node_modules/deep-extend Completed in 0ms
345 timing idealTree:node_modules/serve/node_modules/ini Completed in 0ms
346 timing idealTree:node_modules/serve/node_modules/minimist Completed in 0ms
347 timing idealTree:node_modules/serve/node_modules/registry-url Completed in 0ms
348 timing idealTree:node_modules/serve/node_modules/strip-json-comments Completed in 0ms
349 silly placeDep node_modules/serve/node_modules/uri-js punycode@2.3.0 OK for: uri-js@4.4.1 want: ^2.1.0
350 timing idealTree:node_modules/serve/node_modules/uri-js Completed in 1ms
351 timing idealTree:node_modules/serve/node_modules/vary Completed in 0ms
352 silly placeDep node_modules/serve isexe@2.0.0 OK for: which@2.0.2 want: ^2.0.0
353 timing idealTree:node_modules/serve/node_modules/which Completed in 1ms
354 timing idealTree:node_modules/serve/node_modules/isexe Completed in 0ms
355 timing idealTree:node_modules/serve/node_modules/widest-line Completed in 0ms
356 silly placeDep node_modules/serve ansi-styles@6.2.1 OK for: wrap-ansi@8.1.0 want: ^6.1.0
357 timing idealTree:node_modules/serve/node_modules/wrap-ansi Completed in 1ms
358 timing idealTree:node_modules/serve/node_modules/ansi-styles Completed in 0ms
359 silly placeDep node_modules/serve/node_modules/ansi-align emoji-regex@8.0.0 OK for: string-width@4.2.3 want: ^8.0.0
360 silly placeDep node_modules/serve is-fullwidth-code-point@3.0.0 OK for: string-width@4.2.3 want: ^3.0.0
361 silly placeDep node_modules/serve/node_modules/ansi-align strip-ansi@6.0.1 OK for: string-width@4.2.3 want: ^6.0.1
362 silly fetch manifest ansi-regex@^5.0.1
363 timing idealTree:node_modules/serve/node_modules/ansi-align/node_modules/string-width Completed in 5ms
364 timing idealTree:node_modules/serve/node_modules/is-fullwidth-code-point Completed in 0ms
365 timing idealTree:node_modules/serve/node_modules/ansi-align/node_modules/emoji-regex Completed in 0ms
366 silly placeDep node_modules/serve/node_modules/ansi-align ansi-regex@5.0.1 OK for: strip-ansi@6.0.1 want: ^5.0.1
367 timing idealTree:node_modules/serve/node_modules/ansi-align/node_modules/strip-ansi Completed in 1ms
368 timing idealTree:node_modules/serve/node_modules/ansi-align/node_modules/ansi-regex Completed in 0ms
369 silly placeDep node_modules/serve/node_modules/chalk-template ansi-styles@4.3.0 OK for: chalk@4.1.2 want: ^4.1.0
370 silly placeDep node_modules/serve supports-color@7.2.0 OK for: chalk@4.1.2 want: ^7.1.0
371 silly fetch manifest color-convert@^2.0.1
372 silly fetch manifest has-flag@^4.0.0
373 http fetch GET 200 https://registry.npmjs.org/color-convert 41ms (cache hit)
374 http fetch GET 200 https://registry.npmjs.org/has-flag 41ms (cache hit)
375 timing idealTree:node_modules/serve/node_modules/chalk-template/node_modules/chalk Completed in 46ms
376 silly placeDep node_modules/serve has-flag@4.0.0 OK for: supports-color@7.2.0 want: ^4.0.0
377 timing idealTree:node_modules/serve/node_modules/supports-color Completed in 2ms
378 timing idealTree:node_modules/serve/node_modules/has-flag Completed in 0ms
379 silly placeDep node_modules/serve color-convert@2.0.1 OK for: ansi-styles@4.3.0 want: ^2.0.1
380 silly fetch manifest color-name@~1.1.4
381 http fetch GET 200 https://registry.npmjs.org/color-name 4ms (cache hit)
382 timing idealTree:node_modules/serve/node_modules/chalk-template/node_modules/ansi-styles Completed in 6ms
383 silly placeDep node_modules/serve color-name@1.1.4 OK for: color-convert@2.0.1 want: ~1.1.4
384 timing idealTree:node_modules/serve/node_modules/color-convert Completed in 5ms
385 timing idealTree:node_modules/serve/node_modules/color-name Completed in 0ms
386 silly placeDep node_modules/serve/node_modules/serve-handler mime-db@1.33.0 OK for: mime-types@2.1.18 want: ~1.33.0
387 timing idealTree:node_modules/serve/node_modules/serve-handler/node_modules/mime-types Completed in 1ms
388 timing idealTree:node_modules/serve/node_modules/serve-handler/node_modules/mime-db Completed in 0ms
389 timing idealTree:node_modules/serve/node_modules/uri-js/node_modules/punycode Completed in 0ms
390 timing idealTree:buildDeps Completed in 978ms
391 timing idealTree:fixDepFlags Completed in 1ms
392 timing idealTree Completed in 995ms
393 timing reify:loadTrees Completed in 998ms
394 timing reify:diffTrees Completed in 6ms
395 silly reify moves {}
396 timing reify:retireShallow Completed in 1ms
397 timing reify:createSparse Completed in 34ms
398 timing reify:loadBundles Completed in 0ms
399 silly audit bulk request {
399 silly audit   serve: [ '14.2.0' ],
399 silly audit   '@zeit/schemas': [ '2.29.0' ],
399 silly audit   ajv: [ '8.11.0' ],
399 silly audit   arg: [ '5.0.2' ],
399 silly audit   boxen: [ '7.0.0' ],
399 silly audit   chalk: [ '5.0.1', '4.1.2' ],
399 silly audit   'chalk-template': [ '0.4.0' ],
399 silly audit   clipboardy: [ '3.0.0' ],
399 silly audit   compression: [ '1.7.4' ],
399 silly audit   'is-port-reachable': [ '4.0.0' ],
399 silly audit   'serve-handler': [ '6.1.5' ],
399 silly audit   'update-check': [ '1.5.4' ],
399 silly audit   'fast-deep-equal': [ '3.1.3' ],
399 silly audit   'json-schema-traverse': [ '1.0.0' ],
399 silly audit   'require-from-string': [ '2.0.2' ],
399 silly audit   'uri-js': [ '4.4.1' ],
399 silly audit   'ansi-align': [ '3.0.1' ],
399 silly audit   camelcase: [ '7.0.1' ],
399 silly audit   'cli-boxes': [ '3.0.0' ],
399 silly audit   'string-width': [ '5.1.2', '4.2.3' ],
399 silly audit   'type-fest': [ '2.19.0' ],
399 silly audit   'widest-line': [ '4.0.1' ],
399 silly audit   'wrap-ansi': [ '8.1.0' ],
399 silly audit   arch: [ '2.2.0' ],
399 silly audit   execa: [ '5.1.1' ],
399 silly audit   'is-wsl': [ '2.2.0' ],
399 silly audit   accepts: [ '1.3.8' ],
399 silly audit   bytes: [ '3.0.0' ],
399 silly audit   compressible: [ '2.0.18' ],
399 silly audit   debug: [ '2.6.9' ],
399 silly audit   'on-headers': [ '1.0.2' ],
399 silly audit   'safe-buffer': [ '5.1.2' ],
399 silly audit   vary: [ '1.1.2' ],
399 silly audit   'mime-types': [ '2.1.35', '2.1.18' ],
399 silly audit   negotiator: [ '0.6.3' ],
399 silly audit   'mime-db': [ '1.52.0', '1.33.0' ],
399 silly audit   ms: [ '2.0.0' ],
399 silly audit   'cross-spawn': [ '7.0.3' ],
399 silly audit   'get-stream': [ '6.0.1' ],
399 silly audit   'human-signals': [ '2.1.0' ],
399 silly audit   'is-stream': [ '2.0.1' ],
399 silly audit   'merge-stream': [ '2.0.0' ],
399 silly audit   'npm-run-path': [ '4.0.1' ],
399 silly audit   onetime: [ '5.1.2' ],
399 silly audit   'signal-exit': [ '3.0.7' ],
399 silly audit   'strip-final-newline': [ '2.0.0' ],
399 silly audit   'path-key': [ '3.1.1' ],
399 silly audit   'shebang-command': [ '2.0.0' ],
399 silly audit   which: [ '2.0.2' ],
399 silly audit   'is-docker': [ '2.2.1' ],
399 silly audit   'mimic-fn': [ '2.1.0' ],
399 silly audit   'content-disposition': [ '0.5.2' ],
399 silly audit   'fast-url-parser': [ '1.1.3' ],
399 silly audit   minimatch: [ '3.1.2' ],
399 silly audit   'path-is-inside': [ '1.0.2' ],
399 silly audit   'path-to-regexp': [ '2.2.1' ],
399 silly audit   'range-parser': [ '1.2.0' ],
399 silly audit   punycode: [ '1.4.1', '2.3.0' ],
399 silly audit   'brace-expansion': [ '1.1.11' ],
399 silly audit   'balanced-match': [ '1.0.2' ],
399 silly audit   'concat-map': [ '0.0.1' ],
399 silly audit   'shebang-regex': [ '3.0.0' ],
399 silly audit   eastasianwidth: [ '0.2.0' ],
399 silly audit   'emoji-regex': [ '9.2.2', '8.0.0' ],
399 silly audit   'strip-ansi': [ '7.0.1', '6.0.1' ],
399 silly audit   'ansi-regex': [ '6.0.1', '5.0.1' ],
399 silly audit   'registry-auth-token': [ '3.3.2' ],
399 silly audit   'registry-url': [ '3.1.0' ],
399 silly audit   rc: [ '1.2.8' ],
399 silly audit   'deep-extend': [ '0.6.0' ],
399 silly audit   ini: [ '1.3.8' ],
399 silly audit   minimist: [ '1.2.7' ],
399 silly audit   'strip-json-comments': [ '2.0.1' ],
399 silly audit   isexe: [ '2.0.0' ],
399 silly audit   'ansi-styles': [ '6.2.1', '4.3.0' ],
399 silly audit   'is-fullwidth-code-point': [ '3.0.0' ],
399 silly audit   'supports-color': [ '7.2.0' ],
399 silly audit   'has-flag': [ '4.0.0' ],
399 silly audit   'color-convert': [ '2.0.1' ],
399 silly audit   'color-name': [ '1.1.4' ]
399 silly audit }
400 silly tarball no local data for serve@https://registry.npmjs.org/serve/-/serve-14.2.0.tgz. Extracting by manifest.
401 silly tarball no local data for ansi-styles@https://registry.npmjs.org/ansi-styles/-/ansi-styles-6.2.1.tgz. Extracting by manifest.
402 silly tarball no local data for strip-json-comments@https://registry.npmjs.org/strip-json-comments/-/strip-json-comments-2.0.1.tgz. Extracting by manifest.
403 silly tarball no local data for deep-extend@https://registry.npmjs.org/deep-extend/-/deep-extend-0.6.0.tgz. Extracting by manifest.
404 silly tarball no local data for registry-url@https://registry.npmjs.org/registry-url/-/registry-url-3.1.0.tgz. Extracting by manifest.
405 silly tarball no local data for rc@https://registry.npmjs.org/rc/-/rc-1.2.8.tgz. Extracting by manifest.
406 silly tarball no local data for registry-auth-token@https://registry.npmjs.org/registry-auth-token/-/registry-auth-token-3.3.2.tgz. Extracting by manifest.
407 silly tarball no local data for eastasianwidth@https://registry.npmjs.org/eastasianwidth/-/eastasianwidth-0.2.0.tgz. Extracting by manifest.
408 silly tarball no local data for range-parser@https://registry.npmjs.org/range-parser/-/range-parser-1.2.0.tgz. Extracting by manifest.
409 silly tarball no local data for path-to-regexp@https://registry.npmjs.org/path-to-regexp/-/path-to-regexp-2.2.1.tgz. Extracting by manifest.
410 silly tarball no local data for fast-url-parser@https://registry.npmjs.org/fast-url-parser/-/fast-url-parser-1.1.3.tgz. Extracting by manifest.
411 silly tarball no local data for content-disposition@https://registry.npmjs.org/content-disposition/-/content-disposition-0.5.2.tgz. Extracting by manifest.
412 silly tarball no local data for arch@https://registry.npmjs.org/arch/-/arch-2.2.0.tgz. Extracting by manifest.
413 silly tarball no local data for wrap-ansi@https://registry.npmjs.org/wrap-ansi/-/wrap-ansi-8.1.0.tgz. Extracting by manifest.
414 silly tarball no local data for widest-line@https://registry.npmjs.org/widest-line/-/widest-line-4.0.1.tgz. Extracting by manifest.
415 silly tarball no local data for type-fest@https://registry.npmjs.org/type-fest/-/type-fest-2.19.0.tgz. Extracting by manifest.
416 silly tarball no local data for string-width@https://registry.npmjs.org/string-width/-/string-width-5.1.2.tgz. Extracting by manifest.
417 silly tarball no local data for cli-boxes@https://registry.npmjs.org/cli-boxes/-/cli-boxes-3.0.0.tgz. Extracting by manifest.
418 silly tarball no local data for camelcase@https://registry.npmjs.org/camelcase/-/camelcase-7.0.1.tgz. Extracting by manifest.
419 silly tarball no local data for ansi-align@https://registry.npmjs.org/ansi-align/-/ansi-align-3.0.1.tgz. Extracting by manifest.
420 silly tarball no local data for update-check@https://registry.npmjs.org/update-check/-/update-check-1.5.4.tgz. Extracting by manifest.
421 silly tarball no local data for serve-handler@https://registry.npmjs.org/serve-handler/-/serve-handler-6.1.5.tgz. Extracting by manifest.
422 silly tarball no local data for mime-types@https://registry.npmjs.org/mime-types/-/mime-types-2.1.18.tgz. Extracting by manifest.
423 silly tarball no local data for mime-db@https://registry.npmjs.org/mime-db/-/mime-db-1.33.0.tgz. Extracting by manifest.
424 silly tarball no local data for is-port-reachable@https://registry.npmjs.org/is-port-reachable/-/is-port-reachable-4.0.0.tgz. Extracting by manifest.
425 silly tarball no local data for clipboardy@https://registry.npmjs.org/clipboardy/-/clipboardy-3.0.0.tgz. Extracting by manifest.
426 silly tarball no local data for chalk-template@https://registry.npmjs.org/chalk-template/-/chalk-template-0.4.0.tgz. Extracting by manifest.
427 silly tarball no local data for chalk@https://registry.npmjs.org/chalk/-/chalk-5.0.1.tgz. Extracting by manifest.
428 silly tarball no local data for boxen@https://registry.npmjs.org/boxen/-/boxen-7.0.0.tgz. Extracting by manifest.
429 silly tarball no local data for ajv@https://registry.npmjs.org/ajv/-/ajv-8.11.0.tgz. Extracting by manifest.
430 silly tarball no local data for @zeit/schemas@https://registry.npmjs.org/@zeit/schemas/-/schemas-2.29.0.tgz. Extracting by manifest.
431 http fetch POST 200 https://registry.npmjs.org/-/npm/v1/security/advisories/bulk 331ms
432 timing auditReport:getReport Completed in 336ms
433 silly audit report {}
434 timing auditReport:init Completed in 0ms
435 timing reify:audit Completed in 337ms
436 timing reifyNode:node_modules/serve/node_modules/color-name Completed in 690ms
437 timing reifyNode:node_modules/serve/node_modules/ini Completed in 689ms
438 timing reifyNode:node_modules/serve/node_modules/brace-expansion Completed in 690ms
439 timing reifyNode:node_modules/serve/node_modules/path-is-inside Completed in 690ms
440 timing reifyNode:node_modules/serve/node_modules/shebang-command Completed in 691ms
441 timing reifyNode:node_modules/serve/node_modules/strip-final-newline Completed in 691ms
442 timing reifyNode:node_modules/serve/node_modules/merge-stream Completed in 691ms
443 timing reifyNode:node_modules/serve/node_modules/ms Completed in 692ms
444 timing reifyNode:node_modules/serve/node_modules/require-from-string Completed in 692ms
445 timing reifyNode:node_modules/serve/node_modules/has-flag Completed in 723ms
446 timing reifyNode:node_modules/serve/node_modules/supports-color Completed in 723ms
447 timing reifyNode:node_modules/serve/node_modules/is-fullwidth-code-point Completed in 724ms
448 timing reifyNode:node_modules/serve/node_modules/ansi-regex Completed in 730ms
449 timing reifyNode:node_modules/serve/node_modules/strip-ansi Completed in 731ms
450 timing reifyNode:node_modules/serve/node_modules/shebang-regex Completed in 731ms
451 timing reifyNode:node_modules/serve/node_modules/mimic-fn Completed in 732ms
452 timing reifyNode:node_modules/serve/node_modules/signal-exit Completed in 747ms
453 timing reifyNode:node_modules/serve/node_modules/npm-run-path Completed in 751ms
454 timing reifyNode:node_modules/serve/node_modules/is-stream Completed in 751ms
455 timing reifyNode:node_modules/serve/node_modules/onetime Completed in 753ms
456 timing reifyNode:node_modules/serve/node_modules/vary Completed in 753ms
457 timing reifyNode:node_modules/serve/node_modules/on-headers Completed in 753ms
458 timing reifyNode:node_modules/serve/node_modules/compressible Completed in 753ms
459 timing reifyNode:node_modules/serve/node_modules/bytes Completed in 753ms
460 timing reifyNode:node_modules/serve/node_modules/accepts Completed in 753ms
461 timing reifyNode:node_modules/serve/node_modules/is-wsl Completed in 754ms
462 timing reifyNode:node_modules/serve/node_modules/path-key Completed in 755ms
463 timing reifyNode:node_modules/serve/node_modules/ansi-align/node_modules/ansi-regex Completed in 754ms
464 timing reifyNode:node_modules/serve/node_modules/ansi-align/node_modules/string-width Completed in 754ms
465 timing reifyNode:node_modules/serve/node_modules/ansi-align/node_modules/strip-ansi Completed in 756ms
466 timing reifyNode:node_modules/serve/node_modules/compression Completed in 756ms
467 timing reifyNode:node_modules/serve/node_modules/arg Completed in 756ms
468 timing reifyNode:node_modules/serve/node_modules/balanced-match Completed in 783ms
469 timing reifyNode:node_modules/serve/node_modules/punycode Completed in 782ms
470 timing reifyNode:node_modules/serve/node_modules/is-docker Completed in 782ms
471 timing reifyNode:node_modules/serve/node_modules/chalk-template/node_modules/ansi-styles Completed in 783ms
472 timing reifyNode:node_modules/serve/node_modules/minimatch Completed in 795ms
473 timing reifyNode:node_modules/serve/node_modules/which Completed in 795ms
474 timing reifyNode:node_modules/serve/node_modules/get-stream Completed in 795ms
475 timing reifyNode:node_modules/serve/node_modules/safe-buffer Completed in 795ms
476 timing reifyNode:node_modules/serve/node_modules/mime-types Completed in 795ms
477 timing reifyNode:node_modules/serve/node_modules/color-convert Completed in 814ms
478 timing reifyNode:node_modules/serve/node_modules/concat-map Completed in 814ms
479 timing reifyNode:node_modules/serve/node_modules/uri-js/node_modules/punycode Completed in 812ms
480 timing reifyNode:node_modules/serve/node_modules/isexe Completed in 823ms
481 timing reifyNode:node_modules/serve/node_modules/chalk-template/node_modules/chalk Completed in 831ms
482 timing reifyNode:node_modules/serve/node_modules/cross-spawn Completed in 838ms
483 timing reifyNode:node_modules/serve/node_modules/ansi-align/node_modules/emoji-regex Completed in 837ms
484 http fetch GET 200 https://registry.npmjs.org/strip-json-comments/-/strip-json-comments-2.0.1.tgz 764ms (cache miss)
485 timing reifyNode:node_modules/serve/node_modules/strip-json-comments Completed in 841ms
486 http fetch GET 200 https://registry.npmjs.org/rc/-/rc-1.2.8.tgz 759ms (cache miss)
487 http fetch GET 200 https://registry.npmjs.org/deep-extend/-/deep-extend-0.6.0.tgz 763ms (cache miss)
488 timing reifyNode:node_modules/serve/node_modules/deep-extend Completed in 842ms
489 timing reifyNode:node_modules/serve/node_modules/negotiator Completed in 846ms
490 http fetch GET 200 https://registry.npmjs.org/registry-url/-/registry-url-3.1.0.tgz 769ms (cache miss)
491 timing reifyNode:node_modules/serve/node_modules/registry-url Completed in 849ms
492 http fetch GET 200 https://registry.npmjs.org/serve/-/serve-14.2.0.tgz 776ms (cache miss)
493 timing reifyNode:node_modules/serve Completed in 851ms
494 http fetch GET 200 https://registry.npmjs.org/widest-line/-/widest-line-4.0.1.tgz 749ms (cache miss)
495 timing reifyNode:node_modules/serve/node_modules/widest-line Completed in 849ms
496 timing reifyNode:node_modules/serve/node_modules/fast-deep-equal Completed in 852ms
497 http fetch GET 200 https://registry.npmjs.org/ansi-align/-/ansi-align-3.0.1.tgz 745ms (cache miss)
498 timing reifyNode:node_modules/serve/node_modules/ansi-align Completed in 854ms
499 http fetch GET 200 https://registry.npmjs.org/string-width/-/string-width-5.1.2.tgz 756ms (cache miss)
500 timing reifyNode:node_modules/serve/node_modules/string-width Completed in 859ms
501 http fetch GET 200 https://registry.npmjs.org/update-check/-/update-check-1.5.4.tgz 748ms (cache miss)
502 timing reifyNode:node_modules/serve/node_modules/update-check Completed in 864ms
503 http fetch GET 200 https://registry.npmjs.org/camelcase/-/camelcase-7.0.1.tgz 757ms (cache miss)
504 timing reifyNode:node_modules/serve/node_modules/camelcase Completed in 865ms
505 http fetch GET 200 https://registry.npmjs.org/ansi-styles/-/ansi-styles-6.2.1.tgz 797ms (cache miss)
506 timing reifyNode:node_modules/serve/node_modules/ansi-styles Completed in 874ms
507 timing reifyNode:node_modules/serve/node_modules/rc Completed in 874ms
508 http fetch GET 200 https://registry.npmjs.org/cli-boxes/-/cli-boxes-3.0.0.tgz 765ms (cache miss)
509 timing reifyNode:node_modules/serve/node_modules/cli-boxes Completed in 872ms
510 http fetch GET 200 https://registry.npmjs.org/is-port-reachable/-/is-port-reachable-4.0.0.tgz 754ms (cache miss)
511 timing reifyNode:node_modules/serve/node_modules/is-port-reachable Completed in 872ms
512 http fetch GET 200 https://registry.npmjs.org/range-parser/-/range-parser-1.2.0.tgz 791ms (cache miss)
513 timing reifyNode:node_modules/serve/node_modules/range-parser Completed in 878ms
514 http fetch GET 200 https://registry.npmjs.org/eastasianwidth/-/eastasianwidth-0.2.0.tgz 794ms (cache miss)
515 timing reifyNode:node_modules/serve/node_modules/eastasianwidth Completed in 880ms
516 http fetch GET 200 https://registry.npmjs.org/chalk-template/-/chalk-template-0.4.0.tgz 735ms (cache miss)
517 timing reifyNode:node_modules/serve/node_modules/chalk-template Completed in 878ms
518 timing reifyNode:node_modules/serve/node_modules/execa Completed in 882ms
519 http fetch GET 200 https://registry.npmjs.org/wrap-ansi/-/wrap-ansi-8.1.0.tgz 783ms (cache miss)
520 timing reifyNode:node_modules/serve/node_modules/wrap-ansi Completed in 883ms
521 http fetch GET 200 https://registry.npmjs.org/serve-handler/-/serve-handler-6.1.5.tgz 771ms (cache miss)
522 timing reifyNode:node_modules/serve/node_modules/serve-handler Completed in 882ms
523 http fetch GET 200 https://registry.npmjs.org/mime-types/-/mime-types-2.1.18.tgz 766ms (cache miss)
524 timing reifyNode:node_modules/serve/node_modules/serve-handler/node_modules/mime-types Completed in 882ms
525 http fetch GET 200 https://registry.npmjs.org/arch/-/arch-2.2.0.tgz 787ms (cache miss)
526 timing reifyNode:node_modules/serve/node_modules/arch Completed in 885ms
527 http fetch GET 200 https://registry.npmjs.org/content-disposition/-/content-disposition-0.5.2.tgz 795ms (cache miss)
528 timing reifyNode:node_modules/serve/node_modules/content-disposition Completed in 888ms
529 timing reifyNode:node_modules/serve/node_modules/mime-db Completed in 890ms
530 timing reifyNode:node_modules/serve/node_modules/json-schema-traverse Completed in 888ms
531 http fetch GET 200 https://registry.npmjs.org/mime-db/-/mime-db-1.33.0.tgz 773ms (cache miss)
532 timing reifyNode:node_modules/serve/node_modules/human-signals Completed in 893ms
533 timing reifyNode:node_modules/serve/node_modules/serve-handler/node_modules/mime-db Completed in 892ms
534 http fetch GET 200 https://registry.npmjs.org/boxen/-/boxen-7.0.0.tgz 736ms (cache miss)
535 timing reifyNode:node_modules/serve/node_modules/boxen Completed in 892ms
536 timing reifyNode:node_modules/serve/node_modules/debug Completed in 895ms
537 http fetch GET 200 https://registry.npmjs.org/path-to-regexp/-/path-to-regexp-2.2.1.tgz 811ms (cache miss)
538 timing reifyNode:node_modules/serve/node_modules/path-to-regexp Completed in 901ms
539 timing reifyNode:node_modules/serve/node_modules/emoji-regex Completed in 906ms
540 http fetch GET 200 https://registry.npmjs.org/fast-url-parser/-/fast-url-parser-1.1.3.tgz 814ms (cache miss)
541 timing reifyNode:node_modules/serve/node_modules/fast-url-parser Completed in 907ms
542 http fetch GET 200 https://registry.npmjs.org/chalk/-/chalk-5.0.1.tgz 758ms (cache miss)
543 timing reifyNode:node_modules/serve/node_modules/chalk Completed in 917ms
544 timing reifyNode:node_modules/serve/node_modules/minimist Completed in 920ms
545 http fetch GET 200 https://registry.npmjs.org/@zeit/schemas/-/schemas-2.29.0.tgz 761ms (cache miss)
546 timing reifyNode:node_modules/serve/node_modules/@zeit/schemas Completed in 925ms
547 http fetch GET 200 https://registry.npmjs.org/registry-auth-token/-/registry-auth-token-3.3.2.tgz 844ms (cache miss)
548 timing reifyNode:node_modules/serve/node_modules/registry-auth-token Completed in 929ms
549 http fetch GET 200 https://registry.npmjs.org/clipboardy/-/clipboardy-3.0.0.tgz 878ms (cache miss)
550 timing reifyNode:node_modules/serve/node_modules/uri-js Completed in 999ms
551 timing reifyNode:node_modules/serve/node_modules/clipboardy Completed in 1000ms
552 http fetch GET 200 https://registry.npmjs.org/type-fest/-/type-fest-2.19.0.tgz 909ms (cache miss)
553 timing reifyNode:node_modules/serve/node_modules/type-fest Completed in 1011ms
554 http fetch GET 200 https://registry.npmjs.org/ajv/-/ajv-8.11.0.tgz 1076ms (cache miss)
555 timing reifyNode:node_modules/serve/node_modules/ajv Completed in 1234ms
556 timing reify:unpack Completed in 1238ms
557 timing reify:unretire Completed in 1ms
558 timing build:queue Completed in 4ms
559 timing build:link:node_modules/serve Completed in 4ms
560 timing build:link:node_modules/serve/node_modules/is-docker Completed in 3ms
561 timing build:link:node_modules/serve/node_modules/rc Completed in 3ms
562 timing build:link:node_modules/serve/node_modules/which Completed in 3ms
563 timing build:link Completed in 4ms
564 timing build:deps Completed in 9ms
565 timing build Completed in 10ms
566 timing reify:build Completed in 10ms
567 timing reify:trash Completed in 0ms
568 timing reify Completed in 2315ms
569 silly ADD node_modules/serve
570 silly ADD node_modules/serve/node_modules/color-name
571 silly ADD node_modules/serve/node_modules/color-convert
572 silly ADD node_modules/serve/node_modules/has-flag
573 silly ADD node_modules/serve/node_modules/supports-color
574 silly ADD node_modules/serve/node_modules/is-fullwidth-code-point
575 silly ADD node_modules/serve/node_modules/ansi-styles
576 silly ADD node_modules/serve/node_modules/isexe
577 silly ADD node_modules/serve/node_modules/strip-json-comments
578 silly ADD node_modules/serve/node_modules/minimist
579 silly ADD node_modules/serve/node_modules/ini
580 silly ADD node_modules/serve/node_modules/deep-extend
581 silly ADD node_modules/serve/node_modules/rc
582 silly ADD node_modules/serve/node_modules/registry-url
583 silly ADD node_modules/serve/node_modules/registry-auth-token
584 silly ADD node_modules/serve/node_modules/ansi-regex
585 silly ADD node_modules/serve/node_modules/strip-ansi
586 silly ADD node_modules/serve/node_modules/emoji-regex
587 silly ADD node_modules/serve/node_modules/eastasianwidth
588 silly ADD node_modules/serve/node_modules/shebang-regex
589 silly ADD node_modules/serve/node_modules/concat-map
590 silly ADD node_modules/serve/node_modules/balanced-match
591 silly ADD node_modules/serve/node_modules/brace-expansion
592 silly ADD node_modules/serve/node_modules/punycode
593 silly ADD node_modules/serve/node_modules/range-parser
594 silly ADD node_modules/serve/node_modules/path-to-regexp
595 silly ADD node_modules/serve/node_modules/path-is-inside
596 silly ADD node_modules/serve/node_modules/minimatch
597 silly ADD node_modules/serve/node_modules/fast-url-parser
598 silly ADD node_modules/serve/node_modules/content-disposition
599 silly ADD node_modules/serve/node_modules/mimic-fn
600 silly ADD node_modules/serve/node_modules/is-docker
601 silly ADD node_modules/serve/node_modules/which
602 silly ADD node_modules/serve/node_modules/shebang-command
603 silly ADD node_modules/serve/node_modules/path-key
604 silly ADD node_modules/serve/node_modules/strip-final-newline
605 silly ADD node_modules/serve/node_modules/signal-exit
606 silly ADD node_modules/serve/node_modules/onetime
607 silly ADD node_modules/serve/node_modules/npm-run-path
608 silly ADD node_modules/serve/node_modules/merge-stream
609 silly ADD node_modules/serve/node_modules/is-stream
610 silly ADD node_modules/serve/node_modules/human-signals
611 silly ADD node_modules/serve/node_modules/get-stream
612 silly ADD node_modules/serve/node_modules/cross-spawn
613 silly ADD node_modules/serve/node_modules/ms
614 silly ADD node_modules/serve/node_modules/mime-db
615 silly ADD node_modules/serve/node_modules/negotiator
616 silly ADD node_modules/serve/node_modules/mime-types
617 silly ADD node_modules/serve/node_modules/vary
618 silly ADD node_modules/serve/node_modules/safe-buffer
619 silly ADD node_modules/serve/node_modules/on-headers
620 silly ADD node_modules/serve/node_modules/debug
621 silly ADD node_modules/serve/node_modules/compressible
622 silly ADD node_modules/serve/node_modules/bytes
623 silly ADD node_modules/serve/node_modules/accepts
624 silly ADD node_modules/serve/node_modules/is-wsl
625 silly ADD node_modules/serve/node_modules/execa
626 silly ADD node_modules/serve/node_modules/arch
627 silly ADD node_modules/serve/node_modules/wrap-ansi
628 silly ADD node_modules/serve/node_modules/widest-line
629 silly ADD node_modules/serve/node_modules/type-fest
630 silly ADD node_modules/serve/node_modules/string-width
631 silly ADD node_modules/serve/node_modules/cli-boxes
632 silly ADD node_modules/serve/node_modules/camelcase
633 silly ADD node_modules/serve/node_modules/ansi-align
634 silly ADD node_modules/serve/node_modules/ansi-align/node_modules/ansi-regex
635 silly ADD node_modules/serve/node_modules/ansi-align/node_modules/strip-ansi
636 silly ADD node_modules/serve/node_modules/ansi-align/node_modules/emoji-regex
637 silly ADD node_modules/serve/node_modules/ansi-align/node_modules/string-width
638 silly ADD node_modules/serve/node_modules/uri-js
639 silly ADD node_modules/serve/node_modules/uri-js/node_modules/punycode
640 silly ADD node_modules/serve/node_modules/require-from-string
641 silly ADD node_modules/serve/node_modules/json-schema-traverse
642 silly ADD node_modules/serve/node_modules/fast-deep-equal
643 silly ADD node_modules/serve/node_modules/update-check
644 silly ADD node_modules/serve/node_modules/serve-handler
645 silly ADD node_modules/serve/node_modules/serve-handler/node_modules/mime-db
646 silly ADD node_modules/serve/node_modules/serve-handler/node_modules/mime-types
647 silly ADD node_modules/serve/node_modules/is-port-reachable
648 silly ADD node_modules/serve/node_modules/compression
649 silly ADD node_modules/serve/node_modules/clipboardy
650 silly ADD node_modules/serve/node_modules/chalk-template
651 silly ADD node_modules/serve/node_modules/chalk-template/node_modules/ansi-styles
652 silly ADD node_modules/serve/node_modules/chalk-template/node_modules/chalk
653 silly ADD node_modules/serve/node_modules/chalk
654 silly ADD node_modules/serve/node_modules/boxen
655 silly ADD node_modules/serve/node_modules/arg
656 silly ADD node_modules/serve/node_modules/ajv
657 silly ADD node_modules/serve/node_modules/@zeit/schemas
658 timing command:install Completed in 2330ms
659 verbose exit 0
660 timing npm Completed in 2503ms
661 info ok
