0 verbose cli /usr/bin/node /usr/bin/npm
1 info using npm@8.19.2
2 info using node@v16.18.1
3 timing npm:load:whichnode Completed in 1ms
4 timing config:load:defaults Completed in 2ms
5 timing config:load:file:/usr/lib/node_modules/npm/npmrc Completed in 1ms
6 timing config:load:builtin Completed in 1ms
7 timing config:load:cli Completed in 2ms
8 timing config:load:env Completed in 0ms
9 timing config:load:file:/root/minimalist-to-do-list/.npmrc Completed in 0ms
10 timing config:load:project Completed in 2ms
11 timing config:load:file:/root/.npmrc Completed in 0ms
12 timing config:load:user Completed in 0ms
13 timing config:load:file:/usr/etc/npmrc Completed in 2ms
14 timing config:load:global Completed in 2ms
15 timing config:load:validate Completed in 1ms
16 timing config:load:credentials Completed in 1ms
17 timing config:load:setEnvs Completed in 1ms
18 timing config:load Completed in 12ms
19 timing npm:load:configload Completed in 12ms
20 timing npm:load:mkdirpcache Completed in 1ms
21 timing npm:load:mkdirplogs Completed in 0ms
22 verbose title npm install
23 verbose argv "install"
24 timing npm:load:setTitle Completed in 1ms
25 timing config:load:flatten Completed in 4ms
26 timing npm:load:display Completed in 6ms
27 verbose logfile logs-max:10 dir:/root/.npm/_logs
28 verbose logfile /root/.npm/_logs/2023-02-03T06_49_37_915Z-debug-0.log
29 timing npm:load:logFile Completed in 7ms
30 timing npm:load:timers Completed in 0ms
31 timing npm:load:configScope Completed in 0ms
32 timing npm:load Completed in 29ms
33 timing arborist:ctor Completed in 1ms
34 silly logfile done cleaning log files
35 timing arborist:ctor Completed in 0ms
36 timing idealTree:init Completed in 15ms
37 timing idealTree:userRequests Completed in 0ms
38 silly idealTree buildDeps
39 silly fetch manifest react@18.2.0
40 http fetch GET 200 https://registry.npmjs.org/react 34ms (cache hit)
41 silly fetch manifest react-dom@18.2.0
42 http fetch GET 200 https://registry.npmjs.org/react-dom 35ms (cache hit)
43 silly fetch manifest react-scripts@4.0.0
44 http fetch GET 200 https://registry.npmjs.org/react-scripts 6ms (cache hit)
45 silly fetch manifest typescript@4.1.3
46 http fetch GET 200 https://registry.npmjs.org/typescript 32ms (cache hit)
47 silly fetch manifest typescript@^3.2.1
48 silly fetch manifest @babel/runtime@7.13.8
49 http fetch GET 200 https://registry.npmjs.org/@babel%2fruntime 12ms (cache hit)
50 silly placeDep ROOT @babel/runtime@7.13.8 OK for: react@1.0.0 want: 7.13.8
51 silly placeDep ROOT react@18.2.0 OK for: react@1.0.0 want: 18.2.0
52 silly placeDep ROOT react-dom@18.2.0 OK for: react@1.0.0 want: 18.2.0
53 silly placeDep ROOT react-scripts@4.0.0 OK for: react@1.0.0 want: 4.0.0
54 silly placeDep ROOT typescript@4.1.3 OK for: react@1.0.0 want: 4.1.3
55 silly fetch manifest regenerator-runtime@^0.13.4
56 silly fetch manifest loose-envify@^1.1.0
57 silly fetch manifest scheduler@^0.23.0
58 silly fetch manifest @babel/core@7.12.3
59 silly fetch manifest @pmmmwh/react-refresh-webpack-plugin@0.4.2
60 silly fetch manifest @svgr/webpack@5.4.0
61 silly fetch manifest @typescript-eslint/eslint-plugin@^4.5.0
62 silly fetch manifest @typescript-eslint/parser@^4.5.0
63 silly fetch manifest babel-eslint@^10.1.0
64 silly fetch manifest babel-jest@^26.6.0
65 silly fetch manifest babel-loader@8.1.0
66 silly fetch manifest babel-plugin-named-asset-import@^0.3.7
67 silly fetch manifest babel-preset-react-app@^10.0.0
68 silly fetch manifest bfj@^7.0.2
69 silly fetch manifest camelcase@^6.1.0
70 silly fetch manifest case-sensitive-paths-webpack-plugin@2.3.0
71 silly fetch manifest css-loader@4.3.0
72 silly fetch manifest dotenv@8.2.0
73 silly fetch manifest dotenv-expand@5.1.0
74 silly fetch manifest eslint@^7.11.0
75 silly fetch manifest eslint-config-react-app@^6.0.0
76 silly fetch manifest eslint-plugin-flowtype@^5.2.0
77 silly fetch manifest eslint-plugin-import@^2.22.1
78 silly fetch manifest eslint-plugin-jest@^24.1.0
79 silly fetch manifest eslint-plugin-jsx-a11y@^6.3.1
80 silly fetch manifest eslint-plugin-react@^7.21.5
81 silly fetch manifest eslint-plugin-react-hooks@^4.2.0
82 silly fetch manifest eslint-plugin-testing-library@^3.9.2
83 silly fetch manifest eslint-webpack-plugin@^2.1.0
84 silly fetch manifest file-loader@6.1.1
85 silly fetch manifest fs-extra@^9.0.1
86 silly fetch manifest html-webpack-plugin@4.5.0
87 silly fetch manifest identity-obj-proxy@3.0.0
88 silly fetch manifest jest@26.6.0
89 silly fetch manifest jest-circus@26.6.0
90 silly fetch manifest jest-resolve@26.6.0
91 silly fetch manifest jest-watch-typeahead@0.6.1
92 silly fetch manifest mini-css-extract-plugin@0.11.3
93 silly fetch manifest optimize-css-assets-webpack-plugin@5.0.4
94 silly fetch manifest pnp-webpack-plugin@1.6.4
95 silly fetch manifest postcss-flexbugs-fixes@4.2.1
96 silly fetch manifest postcss-loader@3.0.0
97 silly fetch manifest postcss-normalize@8.0.1
98 silly fetch manifest postcss-preset-env@6.7.0
99 silly fetch manifest postcss-safe-parser@5.0.2
100 silly fetch manifest react-app-polyfill@^2.0.0
101 silly fetch manifest react-dev-utils@^11.0.0
102 silly fetch manifest react-refresh@^0.8.3
103 silly fetch manifest resolve@1.18.1
104 silly fetch manifest resolve-url-loader@^3.1.2
105 silly fetch manifest sass-loader@8.0.2
106 silly fetch manifest semver@7.3.2
107 silly fetch manifest style-loader@1.3.0
108 silly fetch manifest terser-webpack-plugin@4.2.3
109 silly fetch manifest ts-pnp@1.2.0
110 silly fetch manifest url-loader@4.1.1
111 silly fetch manifest webpack@4.44.2
112 silly fetch manifest webpack-dev-server@3.11.0
113 silly fetch manifest webpack-manifest-plugin@2.2.0
114 silly fetch manifest workbox-webpack-plugin@5.1.4
115 silly fetch manifest fsevents@^2.1.3
116 http fetch GET 200 https://registry.npmjs.org/regenerator-runtime 269ms (cache hit)
117 http fetch GET 200 https://registry.npmjs.org/loose-envify 297ms (cache hit)
118 http fetch GET 200 https://registry.npmjs.org/scheduler 316ms (cache hit)
119 http fetch GET 200 https://registry.npmjs.org/@babel%2fcore 326ms (cache hit)
120 http fetch GET 200 https://registry.npmjs.org/@pmmmwh%2freact-refresh-webpack-plugin 328ms (cache hit)
121 http fetch GET 200 https://registry.npmjs.org/@svgr%2fwebpack 331ms (cache hit)
122 http fetch GET 200 https://registry.npmjs.org/babel-eslint 336ms (cache hit)
123 http fetch GET 200 https://registry.npmjs.org/babel-jest 338ms (cache hit)
124 http fetch GET 200 https://registry.npmjs.org/babel-loader 347ms (cache hit)
125 http fetch GET 200 https://registry.npmjs.org/babel-plugin-named-asset-import 349ms (cache hit)
126 http fetch GET 200 https://registry.npmjs.org/babel-preset-react-app 349ms (cache hit)
127 http fetch GET 200 https://registry.npmjs.org/bfj 351ms (cache hit)
128 http fetch GET 200 https://registry.npmjs.org/camelcase 351ms (cache hit)
129 http fetch GET 200 https://registry.npmjs.org/case-sensitive-paths-webpack-plugin 358ms (cache hit)
130 http fetch GET 200 https://registry.npmjs.org/css-loader 359ms (cache hit)
131 http fetch GET 200 https://registry.npmjs.org/dotenv 362ms (cache hit)
132 http fetch GET 200 https://registry.npmjs.org/dotenv-expand 362ms (cache hit)
133 http fetch GET 200 https://registry.npmjs.org/eslint 363ms (cache hit)
134 http fetch GET 200 https://registry.npmjs.org/eslint-config-react-app 401ms (cache hit)
135 http fetch GET 200 https://registry.npmjs.org/eslint-plugin-flowtype 397ms (cache hit)
136 http fetch GET 200 https://registry.npmjs.org/eslint-plugin-import 402ms (cache hit)
137 http fetch GET 200 https://registry.npmjs.org/eslint-plugin-jest 405ms (cache hit)
138 http fetch GET 200 https://registry.npmjs.org/eslint-plugin-jsx-a11y 424ms (cache hit)
139 http fetch GET 200 https://registry.npmjs.org/eslint-plugin-react 425ms (cache hit)
140 http fetch GET 200 https://registry.npmjs.org/eslint-plugin-react-hooks 427ms (cache hit)
141 http fetch GET 200 https://registry.npmjs.org/eslint-plugin-testing-library 438ms (cache hit)
142 http fetch GET 200 https://registry.npmjs.org/eslint-webpack-plugin 440ms (cache hit)
143 http fetch GET 200 https://registry.npmjs.org/fs-extra 435ms (cache hit)
144 http fetch GET 200 https://registry.npmjs.org/html-webpack-plugin 436ms (cache hit)
145 http fetch GET 200 https://registry.npmjs.org/identity-obj-proxy 438ms (cache hit)
146 http fetch GET 200 https://registry.npmjs.org/file-loader 447ms (cache hit)
147 http fetch GET 200 https://registry.npmjs.org/jest 439ms (cache hit)
148 http fetch GET 200 https://registry.npmjs.org/jest-circus 470ms (cache hit)
149 http fetch GET 200 https://registry.npmjs.org/jest-resolve 481ms (cache hit)
150 http fetch GET 200 https://registry.npmjs.org/jest-watch-typeahead 496ms (cache hit)
151 http fetch GET 200 https://registry.npmjs.org/mini-css-extract-plugin 496ms (cache hit)
152 http fetch GET 200 https://registry.npmjs.org/optimize-css-assets-webpack-plugin 494ms (cache hit)
153 http fetch GET 200 https://registry.npmjs.org/pnp-webpack-plugin 494ms (cache hit)
154 http fetch GET 200 https://registry.npmjs.org/postcss-flexbugs-fixes 494ms (cache hit)
155 http fetch GET 200 https://registry.npmjs.org/postcss-loader 493ms (cache hit)
156 http fetch GET 200 https://registry.npmjs.org/postcss-normalize 494ms (cache hit)
157 http fetch GET 200 https://registry.npmjs.org/postcss-safe-parser 493ms (cache hit)
158 http fetch GET 200 https://registry.npmjs.org/react-app-polyfill 494ms (cache hit)
159 http fetch GET 200 https://registry.npmjs.org/react-dev-utils 494ms (cache hit)
160 http fetch GET 200 https://registry.npmjs.org/@typescript-eslint%2fparser 552ms (cache hit)
161 http fetch GET 200 https://registry.npmjs.org/resolve 601ms (cache hit)
162 http fetch GET 200 https://registry.npmjs.org/resolve-url-loader 606ms (cache hit)
163 http fetch GET 200 https://registry.npmjs.org/sass-loader 607ms (cache hit)
164 http fetch GET 200 https://registry.npmjs.org/semver 609ms (cache hit)
165 http fetch GET 200 https://registry.npmjs.org/style-loader 609ms (cache hit)
166 http fetch GET 200 https://registry.npmjs.org/terser-webpack-plugin 609ms (cache hit)
167 http fetch GET 200 https://registry.npmjs.org/ts-pnp 611ms (cache hit)
168 http fetch GET 200 https://registry.npmjs.org/url-loader 607ms (cache hit)
169 http fetch GET 200 https://registry.npmjs.org/postcss-preset-env 623ms (cache hit)
170 http fetch GET 200 https://registry.npmjs.org/webpack-dev-server 611ms (cache hit)
171 http fetch GET 200 https://registry.npmjs.org/webpack-manifest-plugin 615ms (cache hit)
172 http fetch GET 200 https://registry.npmjs.org/react-refresh 629ms (cache hit)
173 http fetch GET 200 https://registry.npmjs.org/workbox-webpack-plugin 721ms (cache hit)
174 http fetch GET 200 https://registry.npmjs.org/fsevents 719ms (cache hit)
175 http fetch GET 200 https://registry.npmjs.org/webpack 728ms (cache hit)
176 http fetch GET 200 https://registry.npmjs.org/@typescript-eslint%2feslint-plugin 813ms (cache hit)
177 timing idealTree:#root Completed in 1229ms
178 silly placeDep ROOT regenerator-runtime@0.13.11 OK for: @babel/runtime@7.13.8 want: ^0.13.4
179 timing idealTree:node_modules/@babel/runtime Completed in 6ms
180 silly placeDep ROOT loose-envify@1.4.0 OK for: react@18.2.0 want: ^1.1.0
181 silly fetch manifest js-tokens@^3.0.0 || ^4.0.0
182 http fetch GET 200 https://registry.npmjs.org/js-tokens 6ms (cache hit)
183 timing idealTree:node_modules/react Completed in 9ms
184 silly placeDep ROOT js-tokens@4.0.0 OK for: loose-envify@1.4.0 want: ^3.0.0 || ^4.0.0
185 timing idealTree:node_modules/loose-envify Completed in 2ms
186 timing idealTree:node_modules/js-tokens Completed in 0ms
187 silly placeDep ROOT scheduler@0.23.0 OK for: react-dom@18.2.0 want: ^0.23.0
188 timing idealTree:node_modules/react-dom Completed in 1ms
189 silly fetch manifest @types/webpack@4.x
190 http fetch GET 200 https://registry.npmjs.org/@types%2fwebpack 3ms (cache hit)
191 silly fetch manifest sockjs-client@^1.4.0
192 http fetch GET 200 https://registry.npmjs.org/sockjs-client 2ms (cache hit)
193 silly fetch manifest type-fest@^0.13.1
194 http fetch GET 200 https://registry.npmjs.org/type-fest 3ms (cache hit)
195 silly fetch manifest webpack-hot-middleware@2.x
196 http fetch GET 200 https://registry.npmjs.org/webpack-hot-middleware 43ms (cache hit)
197 silly fetch manifest webpack-plugin-serve@0.x || 1.x
198 http fetch GET 200 https://registry.npmjs.org/webpack-plugin-serve 33ms (cache hit)
199 silly fetch manifest fibers@>= 3.1.0
200 http fetch GET 200 https://registry.npmjs.org/fibers 5ms (cache hit)
201 silly fetch manifest node-sass@^4.0.0
202 http fetch GET 200 https://registry.npmjs.org/node-sass 4ms (cache hit)
203 silly fetch manifest sass@^1.3.0
204 http fetch GET 200 https://registry.npmjs.org/sass 3ms (cache hit)
205 silly placeDep ROOT @babel/core@7.12.3 OK for: react-scripts@4.0.0 want: 7.12.3
206 silly placeDep ROOT @pmmmwh/react-refresh-webpack-plugin@0.4.2 OK for: react-scripts@4.0.0 want: 0.4.2
207 silly placeDep ROOT react-refresh@0.8.3 OK for: @pmmmwh/react-refresh-webpack-plugin@0.4.2 want: ^0.8.3
208 silly placeDep ROOT webpack@4.44.2 OK for: @pmmmwh/react-refresh-webpack-plugin@0.4.2 want: >=4.43.0 <6.0.0
209 silly placeDep ROOT @svgr/webpack@5.4.0 OK for: react-scripts@4.0.0 want: 5.4.0
210 silly placeDep ROOT @typescript-eslint/eslint-plugin@4.33.0 OK for: react-scripts@4.0.0 want: ^4.5.0
211 silly placeDep ROOT @typescript-eslint/parser@4.33.0 OK for: @typescript-eslint/eslint-plugin@4.33.0 want: ^4.0.0
212 silly placeDep ROOT eslint@7.32.0 OK for: @typescript-eslint/parser@4.33.0 want: ^5.0.0 || ^6.0.0 || ^7.0.0
213 silly placeDep ROOT babel-eslint@10.1.0 OK for: react-scripts@4.0.0 want: ^10.1.0
214 silly placeDep ROOT babel-jest@26.6.3 OK for: react-scripts@4.0.0 want: ^26.6.0
215 silly placeDep ROOT babel-loader@8.1.0 OK for: react-scripts@4.0.0 want: 8.1.0
216 silly placeDep ROOT babel-plugin-named-asset-import@0.3.8 OK for: react-scripts@4.0.0 want: ^0.3.7
217 silly placeDep ROOT babel-preset-react-app@10.0.1 OK for: react-scripts@4.0.0 want: ^10.0.0
218 silly placeDep ROOT bfj@7.0.2 OK for: react-scripts@4.0.0 want: ^7.0.2
219 silly placeDep ROOT camelcase@6.3.0 OK for: react-scripts@4.0.0 want: ^6.1.0
220 silly placeDep ROOT case-sensitive-paths-webpack-plugin@2.3.0 OK for: react-scripts@4.0.0 want: 2.3.0
221 silly placeDep ROOT css-loader@4.3.0 OK for: react-scripts@4.0.0 want: 4.3.0
222 silly placeDep ROOT dotenv@8.2.0 OK for: react-scripts@4.0.0 want: 8.2.0
223 silly placeDep ROOT dotenv-expand@5.1.0 OK for: react-scripts@4.0.0 want: 5.1.0
224 silly placeDep ROOT eslint-config-react-app@6.0.0 OK for: react-scripts@4.0.0 want: ^6.0.0
225 silly placeDep ROOT eslint-plugin-flowtype@5.10.0 OK for: eslint-config-react-app@6.0.0 want: ^5.2.0
226 silly placeDep ROOT eslint-plugin-import@2.27.5 OK for: eslint-config-react-app@6.0.0 want: ^2.22.0
227 silly placeDep ROOT eslint-plugin-jsx-a11y@6.7.1 OK for: eslint-config-react-app@6.0.0 want: ^6.3.1
228 silly placeDep ROOT eslint-plugin-react@7.32.2 OK for: eslint-config-react-app@6.0.0 want: ^7.20.3
229 silly placeDep ROOT eslint-plugin-react-hooks@4.6.0 OK for: eslint-config-react-app@6.0.0 want: ^4.0.8
230 silly placeDep ROOT eslint-plugin-jest@24.7.0 OK for: react-scripts@4.0.0 want: ^24.1.0
231 silly placeDep ROOT eslint-plugin-testing-library@3.10.2 OK for: react-scripts@4.0.0 want: ^3.9.2
232 silly placeDep ROOT eslint-webpack-plugin@2.7.0 OK for: react-scripts@4.0.0 want: ^2.1.0
233 silly placeDep ROOT file-loader@6.1.1 OK for: react-scripts@4.0.0 want: 6.1.1
234 silly placeDep ROOT fs-extra@9.1.0 OK for: react-scripts@4.0.0 want: ^9.0.1
235 silly placeDep ROOT fsevents@2.3.2 OK for: react-scripts@4.0.0 want: ^2.1.3
236 silly placeDep ROOT html-webpack-plugin@4.5.0 OK for: react-scripts@4.0.0 want: 4.5.0
237 silly placeDep ROOT identity-obj-proxy@3.0.0 OK for: react-scripts@4.0.0 want: 3.0.0
238 silly placeDep ROOT jest@26.6.0 OK for: react-scripts@4.0.0 want: 26.6.0
239 silly placeDep ROOT jest-circus@26.6.0 OK for: react-scripts@4.0.0 want: 26.6.0
240 silly placeDep ROOT jest-resolve@26.6.0 OK for: react-scripts@4.0.0 want: 26.6.0
241 silly placeDep ROOT jest-watch-typeahead@0.6.1 OK for: react-scripts@4.0.0 want: 0.6.1
242 silly placeDep ROOT mini-css-extract-plugin@0.11.3 OK for: react-scripts@4.0.0 want: 0.11.3
243 silly placeDep ROOT optimize-css-assets-webpack-plugin@5.0.4 OK for: react-scripts@4.0.0 want: 5.0.4
244 silly placeDep ROOT pnp-webpack-plugin@1.6.4 OK for: react-scripts@4.0.0 want: 1.6.4
245 silly placeDep ROOT postcss-flexbugs-fixes@4.2.1 OK for: react-scripts@4.0.0 want: 4.2.1
246 silly placeDep ROOT postcss-loader@3.0.0 OK for: react-scripts@4.0.0 want: 3.0.0
247 silly placeDep ROOT postcss-normalize@8.0.1 OK for: react-scripts@4.0.0 want: 8.0.1
248 silly placeDep ROOT postcss-preset-env@6.7.0 OK for: react-scripts@4.0.0 want: 6.7.0
249 silly placeDep ROOT postcss-safe-parser@5.0.2 OK for: react-scripts@4.0.0 want: 5.0.2
250 silly placeDep ROOT react-app-polyfill@2.0.0 OK for: react-scripts@4.0.0 want: ^2.0.0
251 silly placeDep ROOT react-dev-utils@11.0.4 OK for: react-scripts@4.0.0 want: ^11.0.0
252 silly placeDep ROOT resolve@1.18.1 OK for: react-scripts@4.0.0 want: 1.18.1
253 silly placeDep ROOT resolve-url-loader@3.1.5 OK for: react-scripts@4.0.0 want: ^3.1.2
254 silly placeDep ROOT sass-loader@8.0.2 OK for: react-scripts@4.0.0 want: 8.0.2
255 silly placeDep ROOT semver@7.3.2 OK for: react-scripts@4.0.0 want: 7.3.2
256 silly placeDep ROOT style-loader@1.3.0 OK for: react-scripts@4.0.0 want: 1.3.0
257 silly placeDep ROOT terser-webpack-plugin@4.2.3 OK for: react-scripts@4.0.0 want: 4.2.3
258 silly placeDep ROOT ts-pnp@1.2.0 OK for: react-scripts@4.0.0 want: 1.2.0
259 timing idealTree Completed in 1582ms
260 timing command:install Completed in 1599ms
261 verbose stack Error: could not resolve
261 verbose stack     at PlaceDep.failPeerConflict (/usr/lib/node_modules/npm/node_modules/@npmcli/arborist/lib/place-dep.js:549:25)
261 verbose stack     at PlaceDep.place (/usr/lib/node_modules/npm/node_modules/@npmcli/arborist/lib/place-dep.js:199:21)
261 verbose stack     at new PlaceDep (/usr/lib/node_modules/npm/node_modules/@npmcli/arborist/lib/place-dep.js:73:10)
261 verbose stack     at /usr/lib/node_modules/npm/node_modules/@npmcli/arborist/lib/arborist/build-ideal-tree.js:944:31
261 verbose stack     at Array.map (<anonymous>)
261 verbose stack     at Arborist.[buildDepStep] (/usr/lib/node_modules/npm/node_modules/@npmcli/arborist/lib/arborist/build-ideal-tree.js:944:8)
261 verbose stack     at async Arborist.buildIdealTree (/usr/lib/node_modules/npm/node_modules/@npmcli/arborist/lib/arborist/build-ideal-tree.js:211:7)
261 verbose stack     at async Promise.all (index 1)
261 verbose stack     at async Arborist.reify (/usr/lib/node_modules/npm/node_modules/@npmcli/arborist/lib/arborist/reify.js:153:5)
261 verbose stack     at async Install.exec (/usr/lib/node_modules/npm/lib/commands/install.js:145:5)
262 verbose cwd /root/minimalist-to-do-list
263 verbose Linux 5.19.14-200.fc36.x86_64
264 verbose node v16.18.1
265 verbose npm  v8.19.2
266 error code ERESOLVE
267 error ERESOLVE could not resolve
268 error
269 error While resolving: [1mreact-scripts[22m@[1m4.0.0[22m
269 error Found: [1mtypescript[22m@[1m4.1.3[22m[2m[22m
269 error [2mnode_modules/typescript[22m
269 error   [33mdev[39m [1mtypescript[22m@"[1m4.1.3[22m" from the root project
269 error
269 error Could not resolve dependency:
269 error peerOptional [1mtypescript[22m@"[1m^3.2.1[22m" from [1mreact-scripts[22m@[1m4.0.0[22m[2m[22m
269 error [2mnode_modules/react-scripts[22m
269 error   [1mreact-scripts[22m@"[1m4.0.0[22m" from the root project
269 error
269 error Conflicting peer dependency: [1mtypescript[22m@[1m3.9.10[22m[2m[22m
269 error [2mnode_modules/typescript[22m
269 error   peerOptional [1mtypescript[22m@"[1m^3.2.1[22m" from [1mreact-scripts[22m@[1m4.0.0[22m[2m[22m
269 error   [2mnode_modules/react-scripts[22m
269 error     [1mreact-scripts[22m@"[1m4.0.0[22m" from the root project
269 error
269 error Fix the upstream dependency conflict, or retry
269 error this command with --force, or --legacy-peer-deps
269 error to accept an incorrect (and potentially broken) dependency resolution.
269 error
269 error See /root/.npm/eresolve-report.txt for a full report.
270 verbose exit 1
271 timing npm Completed in 1731ms
272 verbose unfinished npm timer reify 1675406978040
273 verbose unfinished npm timer reify:loadTrees 1675406978051
274 verbose unfinished npm timer idealTree:buildDeps 1675406978068
275 verbose unfinished npm timer idealTree:node_modules/react-scripts 1675406979317
276 verbose code 1
277 error A complete log of this run can be found in:
277 error     /root/.npm/_logs/2023-02-03T06_49_37_915Z-debug-0.log
